<?xml version="1.0" encoding="utf-8"?><testsuites name="pytest tests"><testsuite name="pytest" errors="0" failures="0" skipped="4" tests="916" time="47.103" timestamp="2026-07-07T07:06:15.159608-04:00" hostname="mbp16.local"><testcase classname="tests.unit.agents.test_base.TestRoleMapping" name="test_known_roles_mapped" time="0.002" /><testcase classname="tests.unit.agents.test_base.TestLoadAgentsConfig" name="test_load_agents_config_returns_dict" time="0.024" /><testcase classname="tests.unit.agents.test_base.TestLoadAgentsConfig" name="test_manager_config_has_required_keys" time="0.022" /><testcase classname="tests.unit.agents.test_base.TestCreateAgent" name="test_create_agent_from_dict_returns_base_agent" time="0.009" /><testcase classname="tests.unit.agents.test_base.TestCreateAgent" name="test_create_agent_unknown_role_raises" time="0.001" /><testcase classname="tests.unit.agents.test_base.TestBaseAgent" name="test_token_usage_starts_zero" time="0.006" /><testcase classname="tests.unit.agents.test_base.TestBaseAgent" name="test_record_tokens_updates_usage" time="0.005" /><testcase classname="tests.unit.agents.test_base.TestBaseAgent" name="test_before_task_callback_invokes_hook" time="0.007" /><testcase classname="tests.unit.agents.test_base.TestBaseAgent" name="test_after_task_callback_invokes_hook" time="0.005" /><testcase classname="tests.unit.agents.test_base.TestBaseAgent" name="test_health_check_uses_openrouter" time="0.005" /><testcase classname="tests.unit.agents.test_devops_cloud_agents.TestDevOpsEngineer" name="test_create_devops_engineer_returns_base_agent" time="0.010" /><testcase classname="tests.unit.agents.test_devops_cloud_agents.TestDevOpsEngineer" name="test_devops_engineer_alias" time="0.001" /><testcase classname="tests.unit.agents.test_devops_cloud_agents.TestCloudEngineer" name="test_create_cloud_engineer_returns_base_agent" time="0.010" /><testcase classname="tests.unit.agents.test_devops_cloud_agents.TestCloudEngineer" name="test_cloud_engineer_alias" time="0.001" /><testcase classname="tests.unit.agents.test_devops_cloud_agents.TestInfrastructureTools" name="test_dockerfile_generator_includes_user_and_healthcheck" time="0.003" /><testcase classname="tests.unit.agents.test_devops_cloud_agents.TestInfrastructureTools" name="test_dockerfile_generator_passes_iac_validation" time="0.001" /><testcase classname="tests.unit.agents.test_devops_cloud_agents.TestInfrastructureTools" name="test_terraform_generator_passes_iac_validation" time="0.001" /><testcase classname="tests.unit.agents.test_product_owner.TestValidateRequirementsGuardrail" name="test_rejects_vague" time="0.002" /><testcase classname="tests.unit.agents.test_product_owner.TestValidateRequirementsGuardrail" name="test_rejects_contradictions" time="0.003" /><testcase classname="tests.unit.agents.test_product_owner.TestValidateRequirementsGuardrail" name="test_accepts_clear" time="0.002" /><testcase classname="tests.unit.agents.test_product_owner.TestValidateRequirementsDocument" name="test_valid_document_passes" time="0.001" /><testcase classname="tests.unit.agents.test_product_owner.TestValidateRequirementsDocument" name="test_missing_acceptance_criteria_fails" time="0.001" /><testcase classname="tests.unit.agents.test_product_owner.TestGetTemplateForProjectType" name="test_api_template" time="0.001" /><testcase classname="tests.unit.agents.test_product_owner.TestGetTemplateForProjectType" name="test_unknown_returns_generic" time="0.001" /><testcase classname="tests.unit.agents.test_product_owner.TestRequirementsFromAgentOutput" name="test_parse_json_block" time="0.001" /><testcase classname="tests.unit.agents.test_product_owner.TestRequirementsFromAgentOutput" name="test_fallback_minimal_document" time="0.001" /><testcase classname="tests.unit.agents.test_product_owner.TestCreateProductOwnerAgent" name="test_returns_base_agent" time="0.008" /><testcase classname="tests.unit.agents.test_qa_engineer.TestCreateQaEngineer" name="test_create_qa_engineer_returns_base_agent" time="0.009" /><testcase classname="tests.unit.agents.test_qa_engineer.TestCreateQaEngineer" name="test_min_coverage_threshold_default" time="0.001" /><testcase classname="tests.unit.agents.test_qa_engineer.TestQualityGatePassed" name="test_passes_when_coverage_above_threshold_and_no_critical_bugs" time="0.001" /><testcase classname="tests.unit.agents.test_qa_engineer.TestQualityGatePassed" name="test_fails_when_coverage_below_threshold" time="0.001" /><testcase classname="tests.unit.agents.test_qa_engineer.TestQualityGatePassed" name="test_fails_when_critical_bug_present" time="0.001" /><testcase classname="tests.unit.agents.test_qa_engineer.TestQualityGatePassed" name="test_custom_min_coverage" time="0.001" /><testcase classname="tests.unit.agents.test_qa_engineer.TestFeedbackForDevelopers" name="test_includes_failed_tests_and_coverage_when_below_threshold" time="0.001" /><testcase classname="tests.unit.agents.test_qa_engineer.TestFeedbackForDevelopers" name="test_includes_critical_and_high_bugs" time="0.001" /><testcase classname="tests.unit.backends.langgraph_backend.test_code_extraction.TestCodeBlockExtraction" name="test_extracts_markdown_header_named_blocks" time="0.010" /><testcase classname="tests.unit.backends.langgraph_backend.test_code_extraction.TestCodeBlockExtraction" name="test_extracts_numbered_and_suffixed_dev_headers" time="0.009" /><testcase classname="tests.unit.backends.langgraph_backend.test_code_extraction.TestCodeBlockExtraction" name="test_does_not_match_prose_mention_without_backticks" time="0.008" /><testcase classname="tests.unit.backends.langgraph_backend.test_code_extraction.TestCodeBlockExtraction" name="test_salvages_app_module_when_other_files_already_exist" time="0.009" /><testcase classname="tests.unit.backends.langgraph_backend.test_code_extraction.TestCodeBlockExtraction" name="test_overwrites_with_latest_prose_version" time="0.009" /><testcase classname="tests.unit.backends.langgraph_backend.test_code_extraction.TestCodeBlockExtraction" name="test_ignores_non_ai_messages" time="0.010" /><testcase classname="tests.unit.backends.langgraph_backend.test_code_extraction.TestCodeBlockExtraction" name="test_rejects_path_traversal" time="0.009" /><testcase classname="tests.unit.backends.langgraph_backend.test_code_extraction.TestCodeBlockExtraction" name="test_rejects_nested_traversal" time="0.009" /><testcase classname="tests.unit.backends.langgraph_backend.test_code_extraction.TestCodeBlockExtraction" name="test_rejects_absolute_path" time="0.009" /><testcase classname="tests.unit.backends.langgraph_backend.test_code_extraction.TestCodeBlockExtraction" name="test_dedupes_repeated_filenames" time="0.010" /><testcase classname="tests.unit.backends.langgraph_backend.test_code_extraction.TestWorkspaceHasTests" name="test_true_for_test_prefix" time="0.009" /><testcase classname="tests.unit.backends.langgraph_backend.test_code_extraction.TestWorkspaceHasTests" name="test_true_for_test_suffix" time="0.008" /><testcase classname="tests.unit.backends.langgraph_backend.test_code_extraction.TestWorkspaceHasTests" name="test_false_when_no_tests" time="0.008" /><testcase classname="tests.unit.backends.langgraph_backend.test_langgraph_chat_hook.TestRecordSpendShapes" name="test_top_level_cost_recorded" time="0.011" /><testcase classname="tests.unit.backends.langgraph_backend.test_langgraph_chat_hook.TestRecordSpendShapes" name="test_nested_cost_details_fallback" time="0.009" /><testcase classname="tests.unit.backends.langgraph_backend.test_langgraph_chat_hook.TestRecordSpendShapes" name="test_missing_cost_records_zero_but_tracks_tokens" time="0.009" /><testcase classname="tests.unit.backends.langgraph_backend.test_langgraph_chat_hook.TestRecordSpendShapes" name="test_malformed_cost_does_not_crash" time="0.008" /><testcase classname="tests.unit.backends.langgraph_backend.test_langgraph_chat_hook.TestRecordSpendShapes" name="test_no_usage_block" time="0.008" /><testcase classname="tests.unit.backends.langgraph_backend.test_langgraph_chat_hook.TestHookEndToEnd" name="test_hook_meters_spend" time="0.009" /><testcase classname="tests.unit.backends.langgraph_backend.test_langgraph_chat_hook.TestHookEndToEnd" name="test_hook_aborts_when_budget_exceeded" time="0.009" /><testcase classname="tests.unit.backends.langgraph_backend.test_langgraph_chat_hook.TestHookEndToEnd" name="test_hook_ignores_non_completion_urls" time="0.008" /><testcase classname="tests.unit.backends.langgraph_backend.test_langgraph_chat_hook.TestHookEndToEnd" name="test_hook_survives_malformed_json_body" time="0.009" /><testcase classname="tests.unit.backends.langgraph_backend.test_langgraph_chat_hook.TestHookEndToEnd" name="test_hook_normalises_dict_tool_call_args" time="0.008" /><testcase classname="tests.unit.backends.langgraph_backend.test_langgraph_chat_hook.TestHookEndToEnd" name="test_hook_leaves_string_tool_call_args_untouched" time="0.009" /><testcase classname="tests.unit.backends.langgraph_backend.test_langgraph_chat_hook.TestHookEndToEnd" name="test_hook_meters_before_aborting_on_tool_call_body" time="0.010" /><testcase classname="tests.unit.backends.langgraph_backend.test_langgraph_guardrails_adversarial.TestLangGraphBehavioralNodeAdversarial" name="test_qa_passes_tests_only" time="0.009" /><testcase classname="tests.unit.backends.langgraph_backend.test_langgraph_guardrails_adversarial.TestLangGraphBehavioralNodeAdversarial" name="test_qa_fails_production_code" time="0.009" /><testcase classname="tests.unit.backends.langgraph_backend.test_langgraph_guardrails_adversarial.TestLangGraphBehavioralNodeAdversarial" name="test_scope_fail_off_scope" time="0.008" /><testcase classname="tests.unit.backends.langgraph_backend.test_langgraph_guardrails_adversarial.TestLangGraphBehavioralNodeAdversarial" name="test_manager_filtered_skips_worker_code" time="0.009" /><testcase classname="tests.unit.backends.langgraph_backend.test_langgraph_guardrails_adversarial.TestLangGraphSecurityNodeAdversarial" name="test_fail_eval" time="0.013" /><testcase classname="tests.unit.backends.langgraph_backend.test_langgraph_guardrails_adversarial.TestLangGraphSecurityNodeAdversarial" name="test_fail_exec" time="0.008" /><testcase classname="tests.unit.backends.langgraph_backend.test_langgraph_guardrails_adversarial.TestLangGraphSecurityNodeAdversarial" name="test_fail_secret_api_key" time="0.010" /><testcase classname="tests.unit.backends.langgraph_backend.test_langgraph_guardrails_adversarial.TestLangGraphQualityNodeAdversarial" name="test_warn_syntax" time="0.010" /><testcase classname="tests.unit.backends.langgraph_backend.test_langgraph_guardrails_adversarial.TestLangGraphQualityNodeAdversarial" name="test_pass_good_python" time="0.009" /><testcase classname="tests.unit.backends.langgraph_backend.test_langgraph_guardrails_adversarial.TestLangGraphQualityNodeAdversarial" name="test_skips_unfenced_code" time="0.010" /><testcase classname="tests.unit.backends.langgraph_backend.test_langgraph_guardrails_adversarial.TestLangGraphQualityNodeAdversarial" name="test_skips_prose_stub" time="0.008" /><testcase classname="tests.unit.backends.langgraph_backend.test_langgraph_guardrails_adversarial.TestLowScopeRelevanceRoles" name="test_architect_and_product_owner_use_low_threshold" time="0.009" /><testcase classname="tests.unit.backends.langgraph_backend.test_langgraph_guardrails_adversarial.TestLowScopeRelevanceRoles" name="test_manager_supervisor_routing_text_skips_scope_control" time="0.009" /><testcase classname="tests.unit.backends.langgraph_backend.test_langgraph_guardrails_adversarial.TestLowScopeRelevanceRoles" name="test_manager_non_supervisor_still_scope_checked" time="0.008" /><testcase classname="tests.unit.backends.langgraph_backend.test_langgraph_results_bundle" name="test_langgraph_stream_writes_results_bundle" time="0.023" /><testcase classname="tests.unit.backends.langgraph_backend.test_main_graph" name="test_main_graph_invoke_reaches_complete" time="0.036" /><testcase classname="tests.unit.backends.langgraph_backend.test_main_graph" name="test_intake_binds_project_id_from_thread_id_not_uuid" time="0.037" /><testcase classname="tests.unit.backends.langgraph_backend.test_main_graph" name="test_smoke_failure_loops_back_to_development_then_completes" time="0.034" /><testcase classname="tests.unit.backends.langgraph_backend.test_main_graph" name="test_compile_main_graph_full_mode_builds" time="0.036" /><testcase classname="tests.unit.backends.langgraph_backend.test_main_graph_full_mocked_e2e" name="test_full_mode_graph_completes_with_stub_subgraph_nodes" time="0.036" /><testcase classname="tests.unit.backends.langgraph_backend.test_main_graph_full_mocked_e2e" name="test_full_mode_retry_loop_then_complete" time="0.036" /><testcase classname="tests.unit.backends.langgraph_backend.test_main_graph_full_mocked_e2e" name="test_full_mode_planning_error_routes_to_error_terminal" time="0.034" /><testcase classname="tests.unit.backends.langgraph_backend.test_main_graph_full_mocked_e2e" name="test_planning_subgraph_node_maps_subgraph_exception_to_errors" time="0.153" /><testcase classname="tests.unit.backends.langgraph_backend.test_main_graph_full_mocked_e2e" name="test_placeholder_graph_planning_hitl_then_complete" time="0.030" /><testcase classname="tests.unit.backends.langgraph_backend.test_main_graph_full_mocked_e2e" name="test_placeholder_testing_escalates_to_human_then_complete" time="0.032" /><testcase classname="tests.unit.backends.langgraph_backend.test_profile_aware_subgraphs.TestPlanningSubgraphFiltering" name="test_full_agents_creates_supervisor" time="0.088" /><testcase classname="tests.unit.backends.langgraph_backend.test_profile_aware_subgraphs.TestPlanningSubgraphFiltering" name="test_single_worker_creates_react_agent" time="0.482" /><testcase classname="tests.unit.backends.langgraph_backend.test_profile_aware_subgraphs.TestPlanningSubgraphFiltering" name="test_no_workers_creates_passthrough" time="0.012" /><testcase classname="tests.unit.backends.langgraph_backend.test_profile_aware_subgraphs.TestPlanningSubgraphFiltering" name="test_agents_none_means_all" time="0.084" /><testcase classname="tests.unit.backends.langgraph_backend.test_profile_aware_subgraphs.TestDevelopmentSubgraphFiltering" name="test_backend_only" time="0.037" /><testcase classname="tests.unit.backends.langgraph_backend.test_profile_aware_subgraphs.TestDevelopmentSubgraphFiltering" name="test_no_dev_workers_passthrough" time="0.011" /><testcase classname="tests.unit.backends.langgraph_backend.test_profile_aware_subgraphs.TestDevelopmentSubgraphFiltering" name="test_two_workers_creates_supervisor" time="0.081" /><testcase classname="tests.unit.backends.langgraph_backend.test_profile_aware_subgraphs.TestTestingSubgraphFiltering" name="test_qa_present" time="0.043" /><testcase classname="tests.unit.backends.langgraph_backend.test_profile_aware_subgraphs.TestTestingSubgraphFiltering" name="test_qa_absent_passthrough" time="0.011" /><testcase classname="tests.unit.backends.langgraph_backend.test_profile_aware_subgraphs.TestDeploymentSubgraphFiltering" name="test_devops_only" time="0.043" /><testcase classname="tests.unit.backends.langgraph_backend.test_profile_aware_subgraphs.TestDeploymentSubgraphFiltering" name="test_no_deployment_workers_passthrough" time="0.010" /><testcase classname="tests.unit.backends.langgraph_backend.test_profile_aware_subgraphs.TestDeploymentSubgraphFiltering" name="test_both_workers_sequential" time="0.073" /><testcase classname="tests.unit.backends.langgraph_backend.test_routing" name="test_route_after_intake_valid" time="0.008" /><testcase classname="tests.unit.backends.langgraph_backend.test_routing" name="test_route_after_intake_too_short" time="0.008" /><testcase classname="tests.unit.backends.langgraph_backend.test_routing" name="test_route_after_intake_has_errors" time="0.008" /><testcase classname="tests.unit.backends.langgraph_backend.test_routing" name="test_route_after_planning_errors" time="0.008" /><testcase classname="tests.unit.backends.langgraph_backend.test_routing" name="test_route_after_planning_human" time="0.008" /><testcase classname="tests.unit.backends.langgraph_backend.test_routing" name="test_route_after_planning_development" time="0.008" /><testcase classname="tests.unit.backends.langgraph_backend.test_routing" name="test_route_after_development" time="0.008" /><testcase classname="tests.unit.backends.langgraph_backend.test_routing" name="test_route_after_testing_passed_goes_to_smoke" time="0.008" /><testcase classname="tests.unit.backends.langgraph_backend.test_routing" name="test_route_after_smoke_success_to_deployment" time="0.008" /><testcase classname="tests.unit.backends.langgraph_backend.test_routing" name="test_route_after_smoke_skipped_to_deployment" time="0.008" /><testcase classname="tests.unit.backends.langgraph_backend.test_routing" name="test_route_after_smoke_no_results_to_deployment" time="0.008" /><testcase classname="tests.unit.backends.langgraph_backend.test_routing" name="test_route_after_smoke_failure_retries" time="0.008" /><testcase classname="tests.unit.backends.langgraph_backend.test_routing" name="test_route_after_smoke_failure_exhausted_to_human" time="0.008" /><testcase classname="tests.unit.backends.langgraph_backend.test_routing" name="test_route_after_testing_retry" time="0.008" /><testcase classname="tests.unit.backends.langgraph_backend.test_routing" name="test_route_after_testing_exhausted_to_human" time="0.008" /><testcase classname="tests.unit.backends.langgraph_backend.test_routing" name="test_route_after_testing_needs_human_flag" time="0.008" /><testcase classname="tests.unit.backends.langgraph_backend.test_routing" name="test_route_after_testing_phase_error_retries" time="0.008" /><testcase classname="tests.unit.backends.langgraph_backend.test_routing" name="test_route_after_testing_phase_error_exhausted_to_human" time="0.009" /><testcase classname="tests.unit.backends.langgraph_backend.test_routing" name="test_route_after_testing_non_testing_error_is_terminal" time="0.008" /><testcase classname="tests.unit.backends.langgraph_backend.test_routing" name="test_route_after_testing_untagged_error_is_terminal" time="0.008" /><testcase classname="tests.unit.backends.langgraph_backend.test_routing" name="test_route_after_deployment" time="0.008" /><testcase classname="tests.unit.backends.langgraph_backend.test_routing" name="test_route_after_human_review_planning" time="0.008" /><testcase classname="tests.unit.backends.langgraph_backend.test_routing" name="test_route_after_human_review_testing" time="0.008" /><testcase classname="tests.unit.backends.langgraph_backend.test_routing" name="test_normalize_hitl_metadata_explicit" time="0.008" /><testcase classname="tests.unit.backends.langgraph_backend.test_routing" name="test_normalize_hitl_metadata_from_planning_flag" time="0.008" /><testcase classname="tests.unit.backends.langgraph_backend.test_routing" name="test_normalize_hitl_metadata_from_failed_tests" time="0.008" /><testcase classname="tests.unit.backends.langgraph_backend.test_run_session" name="test_require_run_id_prefers_thread_id" time="0.008" /><testcase classname="tests.unit.backends.langgraph_backend.test_run_session" name="test_require_run_id_uses_session_when_config_missing" time="0.008" /><testcase classname="tests.unit.backends.langgraph_backend.test_run_session" name="test_run_session_scopes_workspace" time="0.008" /><testcase classname="tests.unit.backends.langgraph_backend.test_run_session" name="test_require_run_id_raises_without_sources" time="0.009" /><testcase classname="tests.unit.backends.langgraph_backend.test_spend_guard.TestSpendAccumulation" name="test_records_cost_and_tokens" time="0.008" /><testcase classname="tests.unit.backends.langgraph_backend.test_spend_guard.TestSpendAccumulation" name="test_reset_clears_counters" time="0.008" /><testcase classname="tests.unit.backends.langgraph_backend.test_spend_guard.TestSpendAccumulation" name="test_negative_cost_clamped" time="0.008" /><testcase classname="tests.unit.backends.langgraph_backend.test_spend_guard.TestBudgetCeiling" name="test_raises_when_exceeded" time="0.008" /><testcase classname="tests.unit.backends.langgraph_backend.test_spend_guard.TestBudgetCeiling" name="test_does_not_raise_at_or_below_budget" time="0.009" /><testcase classname="tests.unit.backends.langgraph_backend.test_spend_guard.TestBudgetCeiling" name="test_zero_budget_disables_ceiling" time="0.008" /><testcase classname="tests.unit.backends.langgraph_backend.test_spend_guard.TestBudgetCeiling" name="test_env_default_budget" time="0.008" /><testcase classname="tests.unit.backends.langgraph_backend.test_spend_guard.TestBudgetCeiling" name="test_bad_env_falls_back_to_default" time="0.009" /><testcase classname="tests.unit.backends.langgraph_backend.test_spend_guard.TestNonRetryableSemantics" name="test_not_caught_by_except_exception" time="0.009" /><testcase classname="tests.unit.backends.langgraph_backend.test_spend_guard.TestNonRetryableSemantics" name="test_is_base_exception" time="0.008" /><testcase classname="tests.unit.backends.langgraph_backend.test_state_schema.TestOperatorAddReducers" name="test_phase_history_merge" time="0.008" /><testcase classname="tests.unit.backends.langgraph_backend.test_state_schema.TestOperatorAddReducers" name="test_errors_accumulate" time="0.008" /><testcase classname="tests.unit.backends.langgraph_backend.test_state_schema.TestOperatorAddReducers" name="test_errors_reset_on_empty_update" time="0.008" /><testcase classname="tests.unit.backends.langgraph_backend.test_state_schema.TestOperatorAddReducers" name="test_errors_append_on_nonempty" time="0.008" /><testcase classname="tests.unit.backends.langgraph_backend.test_state_schema.TestOperatorAddReducers" name="test_generated_files_concat" time="0.008" /><testcase classname="tests.unit.backends.langgraph_backend.test_state_schema.TestAddMessagesReducer" name="test_concatenates_message_lists" time="0.008" /><testcase classname="tests.unit.backends.langgraph_backend.test_state_schema.TestLangGraphProjectStateShape" name="test_can_build_minimal_state_dict" time="0.008" /><testcase classname="tests.unit.backends.langgraph_backend.test_subgraph_cache.TestSubgraphCache" name="test_same_profile_returns_same_graph" time="0.077" /><testcase classname="tests.unit.backends.langgraph_backend.test_subgraph_cache.TestSubgraphCache" name="test_different_profile_returns_different_graph" time="0.101" /><testcase classname="tests.unit.backends.langgraph_backend.test_subgraph_cache.TestSubgraphCache" name="test_reset_clears_cache" time="0.145" /><testcase classname="tests.unit.backends.langgraph_backend.test_subgraphs_compile" name="test_planning_guardrail_on_empty_messages" time="0.008" /><testcase classname="tests.unit.backends.langgraph_backend.test_subgraphs_compile" name="test_testing_subgraph_compiles_with_stub" time="0.040" /><testcase classname="tests.unit.backends.langgraph_backend.test_subgraphs_compile" name="test_deployment_subgraph_compiles_with_stub" time="0.058" /><testcase classname="tests.unit.backends.langgraph_backend.test_subgraphs_compile" name="test_planning_subgraph_compiles_with_stub" time="0.082" /><testcase classname="tests.unit.backends.langgraph_backend.test_subgraphs_compile" name="test_development_subgraph_compiles_with_stub" time="0.106" /><testcase classname="tests.unit.backends.langgraph_backend.test_testing_subgraph_reprompt.TestTestingSubgraphReprompt" name="test_reprompts_once_when_no_tests_collected_then_recovers" time="0.012" /><testcase classname="tests.unit.backends.langgraph_backend.test_testing_subgraph_reprompt.TestTestingSubgraphReprompt" name="test_no_reprompt_when_tests_pass_first_try" time="0.014" /><testcase classname="tests.unit.backends.langgraph_backend.test_testing_subgraph_reprompt.TestTestingSubgraphReprompt" name="test_no_reprompt_when_salvage_recovers_tests" time="0.012" /><testcase classname="tests.unit.backends.langgraph_backend.test_testing_subgraph_reprompt.TestTestingSubgraphReprompt" name="test_reprompt_exception_falls_back_to_first_gate_result" time="0.013" /><testcase classname="tests.unit.backends.test_claude_agent_sdk_builder" name="test_build_agent_definitions_full_profile" time="0.001" /><testcase classname="tests.unit.backends.test_claude_agent_sdk_builder" name="test_model_override_applied" time="0.001" /><testcase classname="tests.unit.backends.test_claude_agent_sdk_builder" name="test_backend_api_profile_excludes_frontend_agent" time="0.001" /><testcase classname="tests.unit.backends.test_claude_agent_sdk_builder" name="test_product_owner_disallowed_tools_defense_in_depth" time="0.001" /><testcase classname="tests.unit.backends.test_claude_agent_sdk_builder" name="test_orchestrator_system_prompt_includes_profile_name" time="0.001" /><testcase classname="tests.unit.backends.test_claude_agent_sdk_hooks" name="test_security_hook_blocks_traversal" time="0.003" /><testcase classname="tests.unit.backends.test_claude_agent_sdk_hooks" name="test_quality_hook_warns_on_todo_in_python" time="0.002" /><testcase classname="tests.unit.backends.test_claude_agent_sdk_hooks" name="test_subagent_audit_hook_writes_jsonl" time="0.004" /><testcase classname="tests.unit.backends.test_claude_costs_workspace" name="test_cost_log_roundtrip_and_totals" time="0.002" /><testcase classname="tests.unit.backends.test_claude_costs_workspace" name="test_cost_comparison_markdown_includes_ceiling" time="0.002" /><testcase classname="tests.unit.backends.test_claude_costs_workspace" name="test_write_profile_claude_context_creates_file" time="0.003" /><testcase classname="tests.unit.backends.test_claude_mcp_tools" name="test_get_disallowed_tools_for_yaml_role" time="0.002" /><testcase classname="tests.unit.backends.test_claude_mcp_tools" name="test_run_app_smoke_tool_registered" time="0.002" /><testcase classname="tests.unit.backends.test_claude_mcp_tools" name="test_run_app_smoke_in_qa_and_devops_allowlists" time="0.001" /><testcase classname="tests.unit.backends.test_claude_mcp_tools" name="test_run_app_smoke_tool_skips_when_no_entrypoint" time="0.006" /><testcase classname="tests.unit.backends.test_claude_mcp_tools" name="test_build_ai_team_mcp_server_sdk_config" time="0.002" /><testcase classname="tests.unit.backends.test_claude_recovery_smoke_loop" name="test_smoke_failure_then_pass_retries_then_succeeds" time="0.004" /><testcase classname="tests.unit.backends.test_claude_recovery_smoke_loop" name="test_smoke_pass_first_try_no_retry" time="0.003" /><testcase classname="tests.unit.backends.test_claude_recovery_smoke_loop" name="test_smoke_skipped_counts_as_pass" time="0.004" /><testcase classname="tests.unit.backends.test_claude_recovery_smoke_loop" name="test_smoke_failing_to_the_end_returns_last_result" time="0.006" /><testcase classname="tests.unit.backends.test_claude_sdk_backend.TestClaudeAgentBackend" name="test_get_backend_returns_instance" time="0.001" /><testcase classname="tests.unit.backends.test_claude_sdk_backend.TestResultsBundleWrite" name="test_write_results_bundle_creates_registry_entry" time="0.014" /><testcase classname="tests.unit.backends.test_claude_sdk_backend.TestResultsBundleWrite" name="test_write_results_bundle_failure_does_not_raise" time="0.009" /><testcase classname="tests.unit.backends.test_crewai_backend.TestCrewAIBackendRun" name="test_run_success_maps_result" time="0.011" /><testcase classname="tests.unit.backends.test_crewai_backend.TestCrewAIBackendRun" name="test_run_incomplete_phase_maps_failure" time="0.009" /><testcase classname="tests.unit.backends.test_crewai_backend.TestCrewAIBackendRun" name="test_console_formatter_disabled" time="0.002" /><testcase classname="tests.unit.backends.test_crewai_backend.TestCrewAIBackendRun" name="test_run_does_not_leak_stale_workspace_env" time="0.008" /><testcase classname="tests.unit.backends.test_crewai_backend.TestCrewAIBackendRun" name="test_run_failure_returns_error_result" time="0.533" /><testcase classname="tests.unit.backends.test_crewai_backend.TestCrewAIBackendRun" name="test_stream_yields_start_and_finish" time="5.035" /><testcase classname="tests.unit.backends.test_crewai_backend.TestCrewAIBackendRun" name="test_stream_hard_kills_on_timeout" time="4.018" /><testcase classname="tests.unit.backends.test_crewai_spend_guard.TestCrewaiSpendCallback" name="test_records_response_cost" time="0.002" /><testcase classname="tests.unit.backends.test_crewai_spend_guard.TestCrewaiSpendCallback" name="test_missing_cost_is_zero" time="0.002" /><testcase classname="tests.unit.backends.test_crewai_spend_guard.TestCrewaiSpendCallback" name="test_malformed_cost_does_not_crash" time="0.001" /><testcase classname="tests.unit.backends.test_crewai_spend_guard.TestCrewaiSpendCallback" name="test_abort_raises_base_exception_not_exception" time="0.003" /><testcase classname="tests.unit.backends.test_crewai_spend_guard.TestCrewaiSpendCallback" name="test_register_is_idempotent" time="0.001" /><testcase classname="tests.unit.backends.test_crewai_spend_guard.TestBudgetExceededSemantics" name="test_is_base_not_exception" time="0.001" /><testcase classname="tests.unit.backends.test_langgraph_backend.TestLangGraphBackendRun" name="test_run_success_when_phase_complete" time="8.133" /><testcase classname="tests.unit.backends.test_langgraph_backend.TestLangGraphBackendRun" name="test_run_returns_failure_on_exception" time="0.388" /><testcase classname="tests.unit.backends.test_registry.TestGetBackend" name="test_returns_crewai" time="0.001" /><testcase classname="tests.unit.backends.test_registry.TestGetBackend" name="test_returns_langgraph" time="0.001" /><testcase classname="tests.unit.backends.test_registry.TestGetBackend" name="test_returns_claude_agent_sdk_aliases" time="0.001" /><testcase classname="tests.unit.backends.test_registry.TestGetBackend" name="test_default_none_is_crewai" time="0.001" /><testcase classname="tests.unit.backends.test_registry.TestGetBackend" name="test_whitespace_normalized" time="0.001" /><testcase classname="tests.unit.backends.test_registry.TestGetBackend" name="test_unknown_backend_raises" time="0.001" /><testcase classname="tests.unit.backends.test_registry.TestGetBackend" name="test_empty_string_defaults_to_crewai" time="0.001" /><testcase classname="tests.unit.backends.test_registry.TestRegistryAdversarial" name="test_none_input_defaults_to_crewai" time="0.001" /><testcase classname="tests.unit.backends.test_registry.TestRegistryAdversarial" name="test_garbage_name_rejected" time="0.001" /><testcase classname="tests.unit.config.test_cost_estimator.TestGetComplexityFromDescription" name="test_empty_returns_medium" time="0.001" /><testcase classname="tests.unit.config.test_cost_estimator.TestGetComplexityFromDescription" name="test_short_description_simple" time="0.001" /><testcase classname="tests.unit.config.test_cost_estimator.TestGetComplexityFromDescription" name="test_long_no_keywords_medium" time="0.001" /><testcase classname="tests.unit.config.test_cost_estimator.TestGetComplexityFromDescription" name="test_complex_keywords" time="0.001" /><testcase classname="tests.unit.config.test_cost_estimator.TestGetComplexityFromDescription" name="test_complex_keyword_kubernetes" time="0.001" /><testcase classname="tests.unit.config.test_cost_estimator.TestEstimateRunCost" name="test_returns_rows_and_total" time="0.004" /><testcase classname="tests.unit.config.test_cost_estimator.TestEstimateRunCost" name="test_complexity_multiplier_simple" time="0.002" /><testcase classname="tests.unit.config.test_cost_estimator.TestEstimateRunCost" name="test_within_budget_when_under" time="0.002" /><testcase classname="tests.unit.config.test_cost_estimator.TestEstimateRunCost" name="test_over_budget_when_over" time="0.002" /><testcase classname="tests.unit.config.test_cost_estimator.TestConfirmAndProceed" name="test_dev_auto_confirms" time="0.002" /><testcase classname="tests.unit.config.test_cost_estimator.TestConfirmAndProceed" name="test_test_requires_input_default_no" time="0.004" /><testcase classname="tests.unit.config.test_cost_estimator.TestConfirmAndProceed" name="test_test_proceeds_on_yes" time="0.004" /><testcase classname="tests.unit.config.test_cost_estimator.TestConfirmAndProceed" name="test_prod_confirm_false_auto_proceeds" time="0.001" /><testcase classname="tests.unit.config.test_llm_factory.TestGetEmbedderConfig" name="test_returns_openai_provider_shape" time="0.001" /><testcase classname="tests.unit.config.test_llm_factory.TestGetEmbedderConfig" name="test_sets_openai_env_when_key_present" time="0.001" /><testcase classname="tests.unit.config.test_llm_factory.TestCreateLlmForRole" name="test_creates_llm_instance" time="0.003" /><testcase classname="tests.unit.config.test_model_validation.TestModelValidationError" name="test_message_includes_missing_ids" time="0.001" /><testcase classname="tests.unit.config.test_model_validation.TestModelValidationError" name="test_custom_message" time="0.001" /><testcase classname="tests.unit.config.test_model_validation.TestValidateModelsBeforeRun" name="test_passes_when_all_chat_and_embedding_available" time="0.004" /><testcase classname="tests.unit.config.test_model_validation.TestValidateModelsBeforeRun" name="test_raises_when_chat_model_missing" time="0.005" /><testcase classname="tests.unit.config.test_model_validation.TestValidateModelsBeforeRun" name="test_raises_when_embedding_model_missing" time="0.010" /><testcase classname="tests.unit.config.test_model_validation.TestValidateModelsBeforeRun" name="test_skipped_when_no_api_key" time="0.004" /><testcase classname="tests.unit.config.test_model_validation.TestValidateModelsBeforeRun" name="test_skips_embedding_when_memory_disabled" time="0.005" /><testcase classname="tests.unit.config.test_token_tracker.TestEstimateTokens" name="test_empty_zero" time="0.001" /><testcase classname="tests.unit.config.test_token_tracker.TestEstimateTokens" name="test_rough_four_chars_per_token" time="0.001" /><testcase classname="tests.unit.config.test_token_tracker.TestNormalizeRole" name="test_backend_developer" time="0.001" /><testcase classname="tests.unit.config.test_token_tracker.TestNormalizeRole" name="test_devops_engineer_to_devops" time="0.001" /><testcase classname="tests.unit.config.test_token_tracker.TestNormalizeRole" name="test_empty_unknown" time="0.001" /><testcase classname="tests.unit.config.test_token_tracker.TestTokenTracker" name="test_record_and_total_cost" time="0.001" /><testcase classname="tests.unit.config.test_token_tracker.TestTokenTracker" name="test_summary_no_estimated_rows" time="0.006" /><testcase classname="tests.unit.config.test_token_tracker.TestTokenTracker" name="test_summary_with_estimated_rows" time="0.006" /><testcase classname="tests.unit.config.test_token_tracker.TestTokenTracker" name="test_save_report_creates_file" time="0.003" /><testcase classname="tests.unit.config.test_token_tracker.TestTokenTracker" name="test_register_unregister_hook_no_crash" time="0.001" /><testcase classname="tests.unit.core.results.test_cleanup" name="test_delete_run_removes_workspace_bundle_and_registry_entry" time="0.013" /><testcase classname="tests.unit.core.results.test_cleanup" name="test_delete_run_idempotent_when_missing" time="0.011" /><testcase classname="tests.unit.core.results.test_cleanup" name="test_delete_one_of_two_runs_updates_registry" time="0.016" /><testcase classname="tests.unit.core.results.test_cleanup" name="test_delete_last_run_clears_latest" time="0.014" /><testcase classname="tests.unit.core.results.test_cleanup" name="test_validate_run_id_rejects_unsafe_values[]" time="0.001" /><testcase classname="tests.unit.core.results.test_cleanup" name="test_validate_run_id_rejects_unsafe_values[..]" time="0.001" /><testcase classname="tests.unit.core.results.test_cleanup" name="test_validate_run_id_rejects_unsafe_values[a/b]" time="0.001" /><testcase classname="tests.unit.core.results.test_cleanup" name="test_validate_run_id_rejects_unsafe_values[a\\b]" time="0.001" /><testcase classname="tests.unit.core.results.test_cleanup" name="test_delete_run_rejects_unsafe_run_id" time="0.001" /><testcase classname="tests.unit.core.results.test_cleanup" name="test_delete_runs_returns_one_result_per_id" time="0.020" /><testcase classname="tests.unit.core.test_results_bundle" name="test_results_bundle_creates_layout" time="0.014" /><testcase classname="tests.unit.core.test_results_bundle" name="test_index_json_structure_and_run_entries" time="0.011" /><testcase classname="tests.unit.core.test_results_bundle" name="test_registry_multiple_runs_latest_points_to_most_recent" time="0.040" /><testcase classname="tests.unit.core.test_results_bundle" name="test_no_self_nested_workspace_when_already_scoped" time="0.011" /><testcase classname="tests.unit.core.test_results_bundle" name="test_record_generated_file_and_manifest" time="0.012" /><testcase classname="tests.unit.core.test_results_bundle" name="test_finalize_stamps_completion_and_costs" time="0.011" /><testcase classname="tests.unit.core.test_results_bundle" name="test_finalize_without_run_json_creates_minimal_one" time="0.010" /><testcase classname="tests.unit.core.test_results_bundle" name="test_finalize_is_idempotent_last_call_wins" time="0.012" /><testcase classname="tests.unit.core.test_run_naming" name="test_slugify_run_label" time="0.001" /><testcase classname="tests.unit.core.test_run_naming" name="test_derive_run_label_prefers_description" time="0.001" /><testcase classname="tests.unit.core.test_run_naming" name="test_derive_run_label_falls_back_to_profile" time="0.001" /><testcase classname="tests.unit.core.test_run_naming" name="test_derive_run_label_explicit_wins" time="0.001" /><testcase classname="tests.unit.core.test_run_naming" name="test_allocate_run_id_increments_index" time="0.003" /><testcase classname="tests.unit.core.test_run_naming" name="test_allocate_run_id_concurrent_same_second_no_collision" time="0.003" /><testcase classname="tests.unit.core.test_run_naming" name="test_allocate_run_id_concurrent_fresh_roots_no_collision" time="0.002" /><testcase classname="tests.unit.core.test_run_store.TestRunLifecycle" name="test_upsert_creates_pending_run" time="0.001" /><testcase classname="tests.unit.core.test_run_store.TestRunLifecycle" name="test_update_status_running" time="0.001" /><testcase classname="tests.unit.core.test_run_store.TestRunLifecycle" name="test_update_status_finished_sets_timestamp_and_result" time="0.001" /><testcase classname="tests.unit.core.test_run_store.TestRunLifecycle" name="test_update_status_error_records_message" time="0.001" /><testcase classname="tests.unit.core.test_run_store.TestRunLifecycle" name="test_get_run_missing_returns_none" time="0.002" /><testcase classname="tests.unit.core.test_run_store.TestRunLifecycle" name="test_list_runs_newest_first" time="0.002" /><testcase classname="tests.unit.core.test_run_store.TestRunLifecycle" name="test_upsert_is_idempotent_on_conflict" time="0.001" /><testcase classname="tests.unit.core.test_run_store.TestComparisonGrouping" name="test_comparison_id_links_three_backends" time="0.001" /><testcase classname="tests.unit.core.test_run_store.TestComparisonGrouping" name="test_comparison_survives_status_updates" time="0.001" /><testcase classname="tests.unit.core.test_run_store.TestComparisonGrouping" name="test_get_comparison_unknown_id_returns_empty" time="0.001" /><testcase classname="tests.unit.core.test_run_store.TestComparisonGrouping" name="test_list_comparisons_groups_by_id" time="0.001" /><testcase classname="tests.unit.core.test_run_store.TestComparisonGrouping" name="test_run_without_comparison_id_not_grouped" time="0.001" /><testcase classname="tests.unit.core.test_run_store.TestPersistenceFailureIsolation" name="test_upsert_on_closed_store_does_not_raise" time="0.001" /><testcase classname="tests.unit.core.test_run_store.TestPersistenceFailureIsolation" name="test_update_status_on_broken_store_does_not_raise" time="0.001" /><testcase classname="tests.unit.core.test_scorecard_builders.TestScorecardFromLanggraphState" name="test_complete_phase" time="0.001" /><testcase classname="tests.unit.core.test_scorecard_builders.TestScorecardFromLanggraphState" name="test_error_phase" time="0.001" /><testcase classname="tests.unit.core.test_scorecard_builders.TestScorecardFromLanggraphState" name="test_partial_phase" time="0.001" /><testcase classname="tests.unit.core.test_scorecard_builders.TestScorecardFromLanggraphState" name="test_test_results_lint_and_tests_ok" time="0.001" /><testcase classname="tests.unit.core.test_scorecard_builders.TestScorecardFromLanggraphState" name="test_guardrail_errors_collected" time="0.001" /><testcase classname="tests.unit.core.test_scorecard_builders.TestScorecardFromLanggraphState" name="test_non_dict_errors_normalized" time="0.001" /><testcase classname="tests.unit.core.test_scorecard_builders.TestScorecardFromProjectState" name="test_complete_with_tests_and_duration" time="0.001" /><testcase classname="tests.unit.core.test_scorecard_builders.TestScorecardFromProjectState" name="test_error_status_counts_errors" time="0.001" /><testcase classname="tests.unit.core.test_spend_guard_isolation.TestPerRunIsolation" name="test_two_threads_have_independent_budgets" time="0.001" /><testcase classname="tests.unit.core.test_spend_guard_isolation.TestPerRunIsolation" name="test_registry_reads_by_run_id_cross_thread" time="0.001" /><testcase classname="tests.unit.core.test_spend_guard_isolation.TestPerRunIsolation" name="test_unknown_run_id_returns_zeros" time="0.001" /><testcase classname="tests.unit.core.test_spend_guard_isolation.TestPerRunIsolation" name="test_legacy_global_fallback_still_enforces" time="0.001" /><testcase classname="tests.unit.crews.test_testing_crew.TestPersistDevTestFiles" name="test_writes_root_level_test_to_tests_dir" time="0.011" /><testcase classname="tests.unit.crews.test_testing_crew.TestOrchestratedPytestSalvage" name="test_kickoff_runs_pytest_when_crew_raises" time="1.332" /><testcase classname="tests.unit.crews.test_testing_crew.TestCreateTestingCrewTasks" name="test_default_does_not_add_test_execution_task" time="0.006" /><testcase classname="tests.unit.flows.test_error_handling.TestClassifyError" name="test_retryable_timeout" time="0.001" /><testcase classname="tests.unit.flows.test_error_handling.TestClassifyError" name="test_retryable_rate_limit" time="0.001" /><testcase classname="tests.unit.flows.test_error_handling.TestClassifyError" name="test_retryable_connection_refused" time="0.001" /><testcase classname="tests.unit.flows.test_error_handling.TestClassifyError" name="test_retryable_429" time="0.001" /><testcase classname="tests.unit.flows.test_error_handling.TestClassifyError" name="test_fatal_model_not_found" time="0.001" /><testcase classname="tests.unit.flows.test_error_handling.TestClassifyError" name="test_fatal_out_of_memory" time="0.001" /><testcase classname="tests.unit.flows.test_error_handling.TestClassifyError" name="test_fatal_critical_security" time="0.001" /><testcase classname="tests.unit.flows.test_error_handling.TestClassifyError" name="test_fatal_recursion_exhausted" time="0.001" /><testcase classname="tests.unit.flows.test_error_handling.TestClassifyError" name="test_recoverable_invalid_output" time="0.001" /><testcase classname="tests.unit.flows.test_error_handling.TestClassifyError" name="test_recoverable_guardrail" time="0.002" /><testcase classname="tests.unit.flows.test_error_handling.TestClassifyError" name="test_recoverable_validation_error" time="0.001" /><testcase classname="tests.unit.flows.test_error_handling.TestClassifyError" name="test_unknown_defaults_recoverable" time="0.001" /><testcase classname="tests.unit.flows.test_error_handling.TestClassifyError" name="test_uses_message_key" time="0.001" /><testcase classname="tests.unit.flows.test_error_handling.TestClassifyError" name="test_fatal_checked_before_retryable" time="0.001" /><testcase classname="tests.unit.flows.test_error_handling.TestCircuitBreaker" name="test_record_failure_increments" time="0.001" /><testcase classname="tests.unit.flows.test_error_handling.TestCircuitBreaker" name="test_reset_circuit" time="0.001" /><testcase classname="tests.unit.flows.test_error_handling.TestCircuitBreaker" name="test_circuit_breaker_should_escalate_at_threshold" time="0.002" /><testcase classname="tests.unit.flows.test_error_handling.TestCircuitBreaker" name="test_consecutive_failures_per_phase" time="0.002" /><testcase classname="tests.unit.flows.test_error_handling.TestGetRecoveryAction" name="test_fatal_escalates" time="0.001" /><testcase classname="tests.unit.flows.test_error_handling.TestGetRecoveryAction" name="test_retryable_retries_until_max" time="0.001" /><testcase classname="tests.unit.flows.test_error_handling.TestGetRecoveryAction" name="test_recoverable_retry_with_feedback" time="0.001" /><testcase classname="tests.unit.flows.test_error_handling.TestGetRecoveryAction" name="test_circuit_breaker_overrides_retryable" time="0.001" /><testcase classname="tests.unit.flows.test_error_handling.TestBackoff" name="test_backoff_delays_match_constant" time="0.001" /><testcase classname="tests.unit.flows.test_error_handling.TestBackoff" name="test_backoff_caps_at_last" time="0.001" /><testcase classname="tests.unit.flows.test_error_handling.TestBackoff" name="test_apply_retry_backoff_sleeps" time="1.007" /><testcase classname="tests.unit.flows.test_error_handling.TestStatePreservation" name="test_persist_and_load_roundtrip" time="0.005" /><testcase classname="tests.unit.flows.test_error_handling.TestStatePreservation" name="test_load_state_resets_consecutive_failures" time="0.005" /><testcase classname="tests.unit.flows.test_error_handling.TestStatePreservation" name="test_rollback_last_phase" time="0.001" /><testcase classname="tests.unit.flows.test_error_handling.TestStatePreservation" name="test_rollback_empty_history_returns_none" time="0.002" /><testcase classname="tests.unit.flows.test_error_handling.TestErrorReporting" name="test_summary_report_includes_errors" time="0.001" /><testcase classname="tests.unit.flows.test_error_handling.TestErrorReporting" name="test_metrics_error_count_by_phase" time="0.001" /><testcase classname="tests.unit.flows.test_error_handling.TestErrorReporting" name="test_structured_error_log" time="0.001" /><testcase classname="tests.unit.flows.test_error_handling.TestHandlerEntryPoints" name="test_handle_planning_error_returns_action" time="2.011" /><testcase classname="tests.unit.flows.test_error_handling.TestHandlerEntryPoints" name="test_handle_development_error_fatal_escalates" time="0.007" /><testcase classname="tests.unit.flows.test_error_handling.TestHandlerEntryPoints" name="test_handle_testing_error_retryable_retries" time="2.007" /><testcase classname="tests.unit.flows.test_error_handling.TestHandlerEntryPoints" name="test_handle_deployment_error_recoverable" time="2.013" /><testcase classname="tests.unit.flows.test_flow_wiring.TestNoSelfTriggeringListeners" name="test_no_method_listens_to_its_own_name" time="0.001" /><testcase classname="tests.unit.flows.test_flow_wiring.TestNoSelfTriggeringListeners" name="test_retry_listeners_have_routers" time="0.001" /><testcase classname="tests.unit.flows.test_flow_wiring.TestDevRetryCap" name="test_cap_escalates_after_max_retries" time="0.002" /><testcase classname="tests.unit.flows.test_flow_wiring.TestDevRetryCap" name="test_retry_planning_routes_to_run_planning" time="0.001" /><testcase classname="tests.unit.flows.test_human_feedback.TestParseFeedbackResponse" name="test_matches_option_case_insensitive" time="0.001" /><testcase classname="tests.unit.flows.test_human_feedback.TestParseFeedbackResponse" name="test_free_text_when_no_option_match" time="0.001" /><testcase classname="tests.unit.flows.test_human_feedback.TestParseFeedbackResponse" name="test_approval_negative_option" time="0.001" /><testcase classname="tests.unit.flows.test_human_feedback.TestParseFeedbackResponse" name="test_approval_positive_option" time="0.001" /><testcase classname="tests.unit.flows.test_human_feedback.TestHumanFeedbackRequest" name="test_minimal_request" time="0.001" /><testcase classname="tests.unit.flows.test_human_feedback.TestHumanFeedbackRequest" name="test_full_request" time="0.001" /><testcase classname="tests.unit.flows.test_human_feedback.TestMockHumanFeedbackHandler" name="test_returns_preloaded_responses" time="0.001" /><testcase classname="tests.unit.flows.test_human_feedback.TestMockHumanFeedbackHandler" name="test_returns_default_when_preloaded_empty" time="0.001" /><testcase classname="tests.unit.flows.test_human_feedback.TestMockHumanFeedbackHandler" name="test_request_feedback_structured_uses_mock" time="0.001" /><testcase classname="tests.unit.flows.test_human_feedback.TestHumanFeedbackHandler" name="test_ui_callback_used_when_set" time="0.001" /><testcase classname="tests.unit.flows.test_human_feedback.TestHumanFeedbackHandler" name="test_ui_callback_exception_returns_default" time="0.001" /><testcase classname="tests.unit.flows.test_planning_parsing.TestLooksLikeArchitecture" name="test_accepts_system_overview" time="0.001" /><testcase classname="tests.unit.flows.test_planning_parsing.TestLooksLikeArchitecture" name="test_accepts_components_only" time="0.001" /><testcase classname="tests.unit.flows.test_planning_parsing.TestLooksLikeArchitecture" name="test_rejects_health_check" time="0.001" /><testcase classname="tests.unit.flows.test_planning_parsing.TestLooksLikeArchitecture" name="test_rejects_status_only" time="0.001" /><testcase classname="tests.unit.flows.test_planning_parsing.TestLooksLikeArchitecture" name="test_rejects_non_dict" time="0.001" /><testcase classname="tests.unit.flows.test_planning_parsing.TestParsePlanningOutputRejectsWrongSchema" name="test_health_check_second_task_uses_fallback_architecture" time="0.001" /><testcase classname="tests.unit.flows.test_project_state.TestProjectStateDefaults" name="test_default_phase_is_intake" time="0.001" /><testcase classname="tests.unit.flows.test_project_state.TestProjectStateDefaults" name="test_project_id_empty_until_assigned" time="0.001" /><testcase classname="tests.unit.flows.test_project_state.TestProjectStateDefaults" name="test_retry_counts_empty" time="0.001" /><testcase classname="tests.unit.flows.test_project_state.TestProjectStateTransitions" name="test_add_phase_transition_sequential" time="0.001" /><testcase classname="tests.unit.flows.test_project_state.TestProjectStateTransitions" name="test_invalid_skip_raises" time="0.001" /><testcase classname="tests.unit.flows.test_project_state.TestProjectStateTransitions" name="test_error_transition_allowed" time="0.001" /><testcase classname="tests.unit.flows.test_project_state.TestProjectStateRetry" name="test_increment_retry" time="0.001" /><testcase classname="tests.unit.flows.test_project_state.TestProjectStateRetry" name="test_increment_retry_limit" time="0.001" /><testcase classname="tests.unit.flows.test_project_state.TestProjectStateRetry" name="test_can_retry" time="0.001" /><testcase classname="tests.unit.flows.test_project_state.TestProjectStateErrors" name="test_add_error" time="0.001" /><testcase classname="tests.unit.flows.test_project_state.TestProjectStateSerialization" name="test_model_dump_roundtrip" time="0.001" /><testcase classname="tests.unit.flows.test_run_ai_team.TestRunAiTeamRecursionLimit" name="test_recursion_limit_restored_after_success" time="0.006" /><testcase classname="tests.unit.flows.test_run_ai_team.TestRunAiTeamRecursionLimit" name="test_recursion_limit_restored_after_exception" time="0.005" /><testcase classname="tests.unit.flows.test_run_ai_team.TestRunAiTeamRecursionLimit" name="test_recursion_limit_raised_during_run" time="0.006" /><testcase classname="tests.unit.guardrails.test_behavioral" name="test_role_adherence_guardrail_qa_engineer_pass" time="0.001" /><testcase classname="tests.unit.guardrails.test_behavioral" name="test_role_adherence_guardrail_qa_engineer_fail_production_code" time="0.001" /><testcase classname="tests.unit.guardrails.test_behavioral" name="test_role_adherence_guardrail_backend_fail_frontend" time="0.001" /><testcase classname="tests.unit.guardrails.test_behavioral" name="test_role_adherence_guardrail_backend_pass" time="0.001" /><testcase classname="tests.unit.guardrails.test_behavioral" name="test_role_adherence_guardrail_product_owner_fail_implementation" time="0.001" /><testcase classname="tests.unit.guardrails.test_behavioral" name="test_role_adherence_guardrail_unknown_role_pass" time="0.001" /><testcase classname="tests.unit.guardrails.test_behavioral" name="test_role_adherence_guardrail_manager_fail_implementation" time="0.001" /><testcase classname="tests.unit.guardrails.test_behavioral" name="test_scope_control_guardrail_pass" time="0.001" /><testcase classname="tests.unit.guardrails.test_behavioral" name="test_scope_control_guardrail_fail_off_scope" time="0.001" /><testcase classname="tests.unit.guardrails.test_behavioral" name="test_scope_control_guardrail_empty_requirements_pass" time="0.001" /><testcase classname="tests.unit.guardrails.test_behavioral" name="test_scope_control_guardrail_creep_warn" time="0.001" /><testcase classname="tests.unit.guardrails.test_behavioral" name="test_scope_control_guardrail_terse_elaboration_not_false_positive" time="0.001" /><testcase classname="tests.unit.guardrails.test_behavioral" name="test_scope_control_guardrail_precision_does_not_rescue_true_off_topic" time="0.001" /><testcase classname="tests.unit.guardrails.test_behavioral" name="test_scope_control_guardrail_code_blocks_not_scored" time="0.001" /><testcase classname="tests.unit.guardrails.test_behavioral" name="test_scope_control_guardrail_code_only_output_passes" time="0.001" /><testcase classname="tests.unit.guardrails.test_behavioral" name="test_reasoning_guardrail_short_no_indicators_fails" time="0.001" /><testcase classname="tests.unit.guardrails.test_behavioral" name="test_reasoning_guardrail_with_rationale_passes" time="0.001" /><testcase classname="tests.unit.guardrails.test_behavioral" name="test_reasoning_guardrail_long_passes" time="0.001" /><testcase classname="tests.unit.guardrails.test_behavioral" name="test_make_reasoning_guardrail_crewai" time="0.001" /><testcase classname="tests.unit.guardrails.test_behavioral" name="test_delegation_guardrail_manager_pass" time="0.001" /><testcase classname="tests.unit.guardrails.test_behavioral" name="test_delegation_guardrail_architect_pass" time="0.001" /><testcase classname="tests.unit.guardrails.test_behavioral" name="test_delegation_guardrail_individual_contributor_fail" time="0.001" /><testcase classname="tests.unit.guardrails.test_behavioral" name="test_delegation_guardrail_circular_fail" time="0.001" /><testcase classname="tests.unit.guardrails.test_behavioral" name="test_delegation_guardrail_no_circular_pass" time="0.001" /><testcase classname="tests.unit.guardrails.test_behavioral" name="test_output_format_guardrail_pass" time="0.001" /><testcase classname="tests.unit.guardrails.test_behavioral" name="test_output_format_guardrail_pass_with_code_block" time="0.001" /><testcase classname="tests.unit.guardrails.test_behavioral" name="test_output_format_guardrail_fail_invalid_json" time="0.001" /><testcase classname="tests.unit.guardrails.test_behavioral" name="test_output_format_guardrail_fail_validation_error" time="0.001" /><testcase classname="tests.unit.guardrails.test_behavioral" name="test_output_format_guardrail_fail_non_json_text" time="0.001" /><testcase classname="tests.unit.guardrails.test_behavioral" name="test_iteration_limit_guardrail_pass" time="0.001" /><testcase classname="tests.unit.guardrails.test_behavioral" name="test_iteration_limit_guardrail_warn_at_80" time="0.001" /><testcase classname="tests.unit.guardrails.test_behavioral" name="test_iteration_limit_guardrail_fail_at_limit" time="0.001" /><testcase classname="tests.unit.guardrails.test_behavioral" name="test_iteration_limit_guardrail_fail_above_limit" time="0.001" /><testcase classname="tests.unit.guardrails.test_behavioral" name="test_iteration_limit_guardrail_invalid_max_fail" time="0.001" /><testcase classname="tests.unit.guardrails.test_behavioral" name="test_guardrail_to_crewai_callable_pass" time="0.001" /><testcase classname="tests.unit.guardrails.test_behavioral" name="test_guardrail_to_crewai_callable_fail" time="0.001" /><testcase classname="tests.unit.guardrails.test_behavioral" name="test_make_scope_control_guardrail_crewai" time="0.001" /><testcase classname="tests.unit.guardrails.test_behavioral" name="test_make_output_format_guardrail_crewai" time="0.001" /><testcase classname="tests.unit.guardrails.test_behavioral" name="test_guardrail_result_model" time="0.001" /><testcase classname="tests.unit.guardrails.test_behavioral" name="test_role_adherence_qa_allows_pytest_support_files" time="0.001" /><testcase classname="tests.unit.guardrails.test_quality.TestGuardrailResult" name="test_score_clamped_to_0_100" time="0.001" /><testcase classname="tests.unit.guardrails.test_quality.TestCodeQualityGuardrail" name="test_passing_python" time="0.001" /><testcase classname="tests.unit.guardrails.test_quality.TestCodeQualityGuardrail" name="test_failing_syntax_error" time="0.001" /><testcase classname="tests.unit.guardrails.test_quality.TestCodeQualityGuardrail" name="test_failing_todo" time="0.001" /><testcase classname="tests.unit.guardrails.test_quality.TestCodeQualityGuardrail" name="test_failing_no_docstring" time="0.001" /><testcase classname="tests.unit.guardrails.test_quality.TestCodeQualityGuardrail" name="test_failing_naming" time="0.001" /><testcase classname="tests.unit.guardrails.test_quality.TestCodeQualityGuardrail" name="test_js_camel_case" time="0.001" /><testcase classname="tests.unit.guardrails.test_quality.TestTestCoverageGuardrail" name="test_passing_above_threshold" time="0.001" /><testcase classname="tests.unit.guardrails.test_quality.TestTestCoverageGuardrail" name="test_failing_below_threshold" time="0.001" /><testcase classname="tests.unit.guardrails.test_quality.TestTestCoverageGuardrail" name="test_flags_zero_coverage_files" time="0.001" /><testcase classname="tests.unit.guardrails.test_quality.TestTestCoverageGuardrail" name="test_uses_settings_threshold_when_not_passed" time="0.001" /><testcase classname="tests.unit.guardrails.test_quality.TestDocumentationGuardrail" name="test_failing_empty_readme" time="0.001" /><testcase classname="tests.unit.guardrails.test_quality.TestDocumentationGuardrail" name="test_passing_with_readme_and_docstring" time="0.001" /><testcase classname="tests.unit.guardrails.test_quality.TestDocumentationGuardrail" name="test_failing_public_function_no_docstring" time="0.001" /><testcase classname="tests.unit.guardrails.test_quality.TestArchitectureComplianceGuardrail" name="test_passing_allowed_modules" time="0.001" /><testcase classname="tests.unit.guardrails.test_quality.TestArchitectureComplianceGuardrail" name="test_failing_outside_layers" time="0.001" /><testcase classname="tests.unit.guardrails.test_quality.TestArchitectureComplianceGuardrail" name="test_forbidden_imports" time="0.001" /><testcase classname="tests.unit.guardrails.test_quality.TestDependencyGuardrail" name="test_passing_pinned" time="0.001" /><testcase classname="tests.unit.guardrails.test_quality.TestDependencyGuardrail" name="test_failing_unpinned" time="0.001" /><testcase classname="tests.unit.guardrails.test_quality.TestDependencyGuardrail" name="test_actionable_suggestions" time="0.001" /><testcase classname="tests.unit.guardrails.test_quality.TestDeploymentArtifactsGuardrail" name="test_no_deployment_phase_is_noop_pass" time="0.002" /><testcase classname="tests.unit.guardrails.test_quality.TestDeploymentArtifactsGuardrail" name="test_deployment_with_readme_passes" time="0.002" /><testcase classname="tests.unit.guardrails.test_quality.TestDeploymentArtifactsGuardrail" name="test_deployment_without_readme_fails" time="0.002" /><testcase classname="tests.unit.guardrails.test_quality.TestDeploymentArtifactsGuardrail" name="test_empty_readme_fails" time="0.002" /><testcase classname="tests.unit.guardrails.test_quality.TestDeploymentArtifactsGuardrail" name="test_nested_readme_one_level_down_passes" time="0.002" /><testcase classname="tests.unit.guardrails.test_quality.TestDeploymentArtifactsGuardrail" name="test_missing_workspace_dir_fails" time="0.001" /><testcase classname="tests.unit.guardrails.test_quality.TestRuntimeSmokeGuardrail" name="test_no_testing_phase_is_noop_pass" time="0.001" /><testcase classname="tests.unit.guardrails.test_quality.TestRuntimeSmokeGuardrail" name="test_missing_smoke_results_fails" time="0.002" /><testcase classname="tests.unit.guardrails.test_quality.TestRuntimeSmokeGuardrail" name="test_smoke_success_passes" time="0.002" /><testcase classname="tests.unit.guardrails.test_quality.TestRuntimeSmokeGuardrail" name="test_smoke_failure_fails" time="0.002" /><testcase classname="tests.unit.guardrails.test_quality.TestRuntimeSmokeGuardrail" name="test_skipped_smoke_is_pass" time="0.002" /><testcase classname="tests.unit.guardrails.test_quality.TestRuntimeSmokeGuardrail" name="test_unreadable_smoke_results_fails" time="0.002" /><testcase classname="tests.unit.guardrails.test_security" name="test_guardrail_result_is_ok" time="0.001" /><testcase classname="tests.unit.guardrails.test_security" name="test_guardrail_result_should_block" time="0.001" /><testcase classname="tests.unit.guardrails.test_security" name="test_code_safety_pass_clean_code" time="0.001" /><testcase classname="tests.unit.guardrails.test_security" name="test_code_safety_fail_eval" time="0.001" /><testcase classname="tests.unit.guardrails.test_security" name="test_code_safety_fail_exec" time="0.001" /><testcase classname="tests.unit.guardrails.test_security" name="test_code_safety_fail_os_system" time="0.001" /><testcase classname="tests.unit.guardrails.test_security" name="test_code_safety_fail_subprocess_shell_true" time="0.001" /><testcase classname="tests.unit.guardrails.test_security" name="test_code_safety_fail_import" time="0.001" /><testcase classname="tests.unit.guardrails.test_security" name="test_code_safety_fail_pickle_loads" time="0.001" /><testcase classname="tests.unit.guardrails.test_security" name="test_code_safety_fail_yaml_load_unsafe" time="0.001" /><testcase classname="tests.unit.guardrails.test_security" name="test_code_safety_adversarial_obfuscation" time="0.001" /><testcase classname="tests.unit.guardrails.test_security" name="test_code_safety_configurable_pattern" time="0.001" /><testcase classname="tests.unit.guardrails.test_security" name="test_pii_pass_no_pii" time="0.002" /><testcase classname="tests.unit.guardrails.test_security" name="test_pii_redact_email" time="0.001" /><testcase classname="tests.unit.guardrails.test_security" name="test_pii_redact_phone" time="0.001" /><testcase classname="tests.unit.guardrails.test_security" name="test_pii_redact_ssn" time="0.001" /><testcase classname="tests.unit.guardrails.test_security" name="test_pii_redact_credit_card" time="0.001" /><testcase classname="tests.unit.guardrails.test_security" name="test_pii_redact_returns_both_detection_and_redacted" time="0.001" /><testcase classname="tests.unit.guardrails.test_security" name="test_secret_pass_clean" time="0.001" /><testcase classname="tests.unit.guardrails.test_security" name="test_secret_fail_hardcoded_password" time="0.001" /><testcase classname="tests.unit.guardrails.test_security" name="test_secret_fail_api_key" time="0.001" /><testcase classname="tests.unit.guardrails.test_security" name="test_secret_fail_github_token" time="0.001" /><testcase classname="tests.unit.guardrails.test_security" name="test_secret_fail_jwt" time="0.001" /><testcase classname="tests.unit.guardrails.test_security" name="test_secret_fail_aws_keys" time="0.001" /><testcase classname="tests.unit.guardrails.test_security" name="test_secret_fail_connection_string" time="0.001" /><testcase classname="tests.unit.guardrails.test_security" name="test_secret_adversarial_quotes" time="0.001" /><testcase classname="tests.unit.guardrails.test_security" name="test_prompt_injection_pass_benign" time="0.002" /><testcase classname="tests.unit.guardrails.test_security" name="test_prompt_injection_fail_ignore_instructions" time="0.001" /><testcase classname="tests.unit.guardrails.test_security" name="test_prompt_injection_fail_disregard" time="0.001" /><testcase classname="tests.unit.guardrails.test_security" name="test_prompt_injection_fail_you_are_now" time="0.001" /><testcase classname="tests.unit.guardrails.test_security" name="test_prompt_injection_fail_jailbreak" time="0.001" /><testcase classname="tests.unit.guardrails.test_security" name="test_prompt_injection_sensitivity_low" time="0.001" /><testcase classname="tests.unit.guardrails.test_security" name="test_prompt_injection_sensitivity_high" time="0.001" /><testcase classname="tests.unit.guardrails.test_security" name="test_prompt_injection_adversarial_encoding" time="0.001" /><testcase classname="tests.unit.guardrails.test_security" name="test_prompt_injection_adversarial_spaces" time="0.001" /><testcase classname="tests.unit.guardrails.test_security" name="test_path_security_pass_relative_under_workspace" time="0.001" /><testcase classname="tests.unit.guardrails.test_security" name="test_path_security_fail_traversal" time="0.001" /><testcase classname="tests.unit.guardrails.test_security" name="test_path_security_fail_system_dir" time="0.001" /><testcase classname="tests.unit.guardrails.test_security" name="test_path_security_fail_outside_allowed" time="0.001" /><testcase classname="tests.unit.guardrails.test_security" name="test_path_security_symlink_outside" time="0.002" /><testcase classname="tests.unit.guardrails.test_security" name="test_path_security_invalid_path" time="0.001" /><testcase classname="tests.unit.guardrails.test_security" name="test_crewai_code_safety_pass" time="0.001" /><testcase classname="tests.unit.guardrails.test_security" name="test_crewai_code_safety_fail" time="0.001" /><testcase classname="tests.unit.guardrails.test_security" name="test_crewai_pii_redacts" time="0.001" /><testcase classname="tests.unit.guardrails.test_security" name="test_crewai_secret_fail" time="0.001" /><testcase classname="tests.unit.guardrails.test_security" name="test_crewai_prompt_injection_fail" time="0.001" /><testcase classname="tests.unit.guardrails.test_security" name="test_crewai_path_security_fail" time="0.001" /><testcase classname="tests.unit.guardrails.test_security" name="test_crewai_adapter_accepts_str" time="0.001" /><testcase classname="tests.unit.memory.test_lessons" name="test_record_run_failures_persists_failure_records" time="0.013" /><testcase classname="tests.unit.memory.test_lessons" name="test_extract_lessons_promotes_recurring_failures" time="0.014" /><testcase classname="tests.unit.memory.test_lessons" name="test_load_role_lessons_filters_by_role" time="0.012" /><testcase classname="tests.unit.memory.test_lessons_comprehensive.TestRecordRunFailuresExtended" name="test_synthetic_record_when_tests_fail_without_errors" time="0.012" /><testcase classname="tests.unit.memory.test_lessons_comprehensive.TestRecordRunFailuresExtended" name="test_multiple_errors_each_persisted" time="0.012" /><testcase classname="tests.unit.memory.test_lessons_comprehensive.TestExtractLessonsInfraAndThreshold" name="test_infra_bucket_from_pytest_module_error" time="0.014" /><testcase classname="tests.unit.memory.test_lessons_comprehensive.TestExtractLessonsInfraAndThreshold" name="test_below_threshold_does_not_promote_lesson" time="0.012" /><testcase classname="tests.unit.memory.test_lessons_comprehensive.TestWriteInfraBacklog" name="test_writes_jsonl_lines" time="0.012" /><testcase classname="tests.unit.memory.test_lessons_comprehensive.TestLoadRoleLessonsEdgeCases" name="test_unknown_role_returns_empty" time="0.011" /><testcase classname="tests.unit.memory.test_long_term_store.TestLongTermStoreConversations" name="test_add_and_retrieve_conversation" time="0.005" /><testcase classname="tests.unit.memory.test_long_term_store.TestLongTermStoreConversations" name="test_filter_by_project_id" time="0.005" /><testcase classname="tests.unit.memory.test_long_term_store.TestLongTermStoreConversations" name="test_limit_respected" time="0.007" /><testcase classname="tests.unit.memory.test_long_term_store.TestLongTermStoreMetrics" name="test_add_metric" time="0.005" /><testcase classname="tests.unit.memory.test_long_term_store.TestLongTermStoreMetrics" name="test_get_metrics_summary_aggregation" time="0.005" /><testcase classname="tests.unit.memory.test_long_term_store.TestLongTermStorePatterns" name="test_add_and_get_patterns" time="0.006" /><testcase classname="tests.unit.memory.test_long_term_store.TestLongTermStorePatterns" name="test_filter_by_pattern_type" time="0.006" /><testcase classname="tests.unit.memory.test_long_term_store.TestLongTermStoreRetention" name="test_apply_retention_deletes_old_rows" time="0.006" /><testcase classname="tests.unit.memory.test_long_term_store.TestLongTermStoreRetention" name="test_apply_retention_preserves_recent" time="0.005" /><testcase classname="tests.unit.memory.test_long_term_store.TestLongTermStoreSchema" name="test_idempotent_schema_init" time="0.005" /><testcase classname="tests.unit.memory.test_self_improvement_runtime" name="test_env_flag_parsing[1-True]" time="0.001" /><testcase classname="tests.unit.memory.test_self_improvement_runtime" name="test_env_flag_parsing[true-True]" time="0.001" /><testcase classname="tests.unit.memory.test_self_improvement_runtime" name="test_env_flag_parsing[YES-True]" time="0.001" /><testcase classname="tests.unit.memory.test_self_improvement_runtime" name="test_env_flag_parsing[on-True]" time="0.001" /><testcase classname="tests.unit.memory.test_self_improvement_runtime" name="test_env_flag_parsing[0-False]" time="0.001" /><testcase classname="tests.unit.memory.test_self_improvement_runtime" name="test_env_flag_parsing[false-False]" time="0.001" /><testcase classname="tests.unit.memory.test_self_improvement_runtime" name="test_env_flag_parsing[no-False]" time="0.001" /><testcase classname="tests.unit.memory.test_self_improvement_runtime" name="test_env_flag_parsing[off-False]" time="0.001" /><testcase classname="tests.unit.memory.test_self_improvement_runtime" name="test_env_flag_default_when_unset" time="0.001" /><testcase classname="tests.unit.memory.test_self_improvement_runtime" name="test_env_flag_garbage_falls_back_to_default" time="0.001" /><testcase classname="tests.unit.memory.test_self_improvement_runtime" name="test_auto_extract_disabled_returns_none" time="0.008" /><testcase classname="tests.unit.memory.test_self_improvement_runtime" name="test_auto_extract_enabled_returns_counters" time="0.012" /><testcase classname="tests.unit.memory.test_self_improvement_runtime" name="test_auto_extract_never_raises" time="0.001" /><testcase classname="tests.unit.memory.test_self_improvement_runtime" name="test_metrics_from_result_reads_kpis" time="0.001" /><testcase classname="tests.unit.memory.test_self_improvement_runtime" name="test_metrics_from_result_handles_partial_pass" time="0.001" /><testcase classname="tests.unit.memory.test_self_improvement_runtime" name="test_metrics_from_result_no_division_by_zero" time="0.001" /><testcase classname="tests.unit.memory.test_self_improvement_runtime" name="test_persist_run_metrics_writes_rows" time="0.013" /><testcase classname="tests.unit.memory.test_self_improvement_runtime" name="test_persist_run_metrics_disabled" time="0.008" /><testcase classname="tests.unit.memory.test_self_improvement_runtime" name="test_persist_run_metrics_skipped_when_memory_disabled" time="0.008" /><testcase classname="tests.unit.memory.test_self_improvement_runtime" name="test_persist_run_metrics_never_raises" time="0.001" /><testcase classname="tests.unit.memory.test_self_improvement_runtime" name="test_timeseries_preserves_order" time="0.013" /><testcase classname="tests.unit.models.test_pydantic_models.TestArchitectureModels" name="test_architecture_document_minimal" time="0.001" /><testcase classname="tests.unit.models.test_pydantic_models.TestArchitectureModels" name="test_adr_requires_fields" time="0.001" /><testcase classname="tests.unit.models.test_pydantic_models.TestDevelopmentModels" name="test_code_file" time="0.001" /><testcase classname="tests.unit.models.test_pydantic_models.TestDevelopmentModels" name="test_code_file_list_files" time="0.001" /><testcase classname="tests.unit.models.test_pydantic_models.TestDevelopmentModels" name="test_deployment_config_optional_strings" time="0.001" /><testcase classname="tests.unit.models.test_pydantic_models.TestRequirementsModels" name="test_user_story_and_requirements_document" time="0.001" /><testcase classname="tests.unit.models.test_pydantic_models.TestRequirementsModels" name="test_nfr" time="0.001" /><testcase classname="tests.unit.models.test_pydantic_models.TestQaModels" name="test_test_result_defaults" time="0.003" /><testcase classname="tests.unit.models.test_pydantic_models.TestQaModels" name="test_coverage_report_bounds" time="0.001" /><testcase classname="tests.unit.models.test_pydantic_models.TestQaModels" name="test_bug_report" time="0.001" /><testcase classname="tests.unit.models.test_pydantic_models.TestQaModels" name="test_execution_results" time="0.001" /><testcase classname="tests.unit.reports.test_manager_self_improvement" name="test_build_report_has_backend_sections_and_proposals" time="0.002" /><testcase classname="tests.unit.reports.test_manager_self_improvement" name="test_render_markdown_contains_headers" time="0.001" /><testcase classname="tests.unit.reports.test_manager_self_improvement" name="test_render_markdown_includes_llm_narrative_when_present" time="0.001" /><testcase classname="tests.unit.tasks.test_planning_tasks.TestPlanningTasksConfig" name="test_loads_planning_section" time="0.006" /><testcase classname="tests.unit.tasks.test_planning_tasks.TestPlanningTasksConfig" name="test_requirements_gathering_has_expected_keys" time="0.005" /><testcase classname="tests.unit.tasks.test_planning_tasks.TestPlanningTasksConfig" name="test_architecture_design_has_context" time="0.005" /><testcase classname="tests.unit.tasks.test_planning_tasks.TestRequirementsGuardrail" name="test_fails_no_json" time="0.001" /><testcase classname="tests.unit.tasks.test_planning_tasks.TestRequirementsGuardrail" name="test_fails_too_few_stories" time="0.001" /><testcase classname="tests.unit.tasks.test_planning_tasks.TestRequirementsGuardrail" name="test_fails_story_without_acceptance_criteria" time="0.001" /><testcase classname="tests.unit.tasks.test_planning_tasks.TestRequirementsGuardrail" name="test_passes_three_stories_with_criteria" time="0.001" /><testcase classname="tests.unit.tasks.test_planning_tasks.TestRequirementsGuardrail" name="test_accepts_result_with_raw_attribute" time="0.001" /><testcase classname="tests.unit.tasks.test_planning_tasks.TestRequirementsGuardrail" name="test_passes_json_embedded_in_prose" time="0.001" /><testcase classname="tests.unit.tasks.test_planning_tasks.TestArchitectureGuardrail" name="test_fails_no_json" time="0.001" /><testcase classname="tests.unit.tasks.test_planning_tasks.TestArchitectureGuardrail" name="test_fails_invalid_structure" time="0.001" /><testcase classname="tests.unit.tasks.test_planning_tasks.TestArchitectureGuardrail" name="test_passes_minimal_valid_architecture" time="0.001" /><testcase classname="tests.unit.tasks.test_planning_tasks.TestArchitectureGuardrail" name="test_passes_json_embedded_in_prose" time="0.001" /><testcase classname="tests.unit.tasks.test_planning_tasks.TestCreatePlanningTasks" name="test_creates_two_tasks" time="0.006" /><testcase classname="tests.unit.tasks.test_planning_tasks.TestCreatePlanningTasks" name="test_architecture_task_has_context" time="0.006" /><testcase classname="tests.unit.tasks.test_planning_tasks.TestCreatePlanningTasks" name="test_missing_agent_raises" time="0.006" /><testcase classname="tests.unit.test_agents.TestBaseAgentInitializationWithRoles" name="test_create_agent_manager" time="0.009" /><testcase classname="tests.unit.test_agents.TestBaseAgentInitializationWithRoles" name="test_create_agent_product_owner" time="0.007" /><testcase classname="tests.unit.test_agents.TestBaseAgentInitializationWithRoles" name="test_create_agent_architect_backend_qa" time="0.015" /><testcase classname="tests.unit.test_agents.TestBaseAgentInitializationWithRoles" name="test_create_agent_unknown_role_raises" time="0.001" /><testcase classname="tests.unit.test_agents.TestModelAssignmentFromSettings" name="test_role_to_settings_key_mapping" time="0.001" /><testcase classname="tests.unit.test_agents.TestModelAssignmentFromSettings" name="test_create_agent_calls_get_model_for_role" time="0.009" /><testcase classname="tests.unit.test_agents.TestGuardrailAttachment" name="test_guardrail_disabled_tools_not_wrapped" time="0.007" /><testcase classname="tests.unit.test_agents.TestGuardrailAttachment" name="test_guardrail_enabled_wraps_tools_when_security_on" time="0.008" /><testcase classname="tests.unit.test_agents.TestBeforeTaskAfterTaskHooks" name="test_before_task_callback_invokes_hook" time="0.005" /><testcase classname="tests.unit.test_agents.TestBeforeTaskAfterTaskHooks" name="test_after_task_callback_invokes_hook" time="0.004" /><testcase classname="tests.unit.test_agents.TestBeforeTaskAfterTaskHooks" name="test_no_hook_does_not_raise" time="0.004" /><testcase classname="tests.unit.test_agents.TestMockLLM" name="test_token_usage_starts_zero" time="0.005" /><testcase classname="tests.unit.test_agents.TestMockLLM" name="test_record_tokens_updates_usage" time="0.004" /><testcase classname="tests.unit.test_agents.TestLoadAgentsConfig" name="test_load_agents_config_returns_dict" time="0.018" /><testcase classname="tests.unit.test_agents.TestLoadAgentsConfig" name="test_manager_config_has_required_keys" time="0.019" /><testcase classname="tests.unit.test_backend_comparison" name="test_compare_backends_on_description_uses_both_backends" time="0.014" /><testcase classname="tests.unit.test_checkpointer_resolution" name="test_resolve_sqlite_uses_explicit_connection" time="0.001" /><testcase classname="tests.unit.test_checkpointer_resolution" name="test_resolve_sqlite_memory_when_no_env" time="0.001" /><testcase classname="tests.unit.test_comparison_report" name="test_snapshot_from_project_result_claude_raw" time="0.001" /><testcase classname="tests.unit.test_comparison_report" name="test_snapshot_from_project_result_langgraph_state" time="0.001" /><testcase classname="tests.unit.test_comparison_report" name="test_comparison_report_markdown_contains_metrics" time="0.001" /><testcase classname="tests.unit.test_comparison_report" name="test_to_json_dict_roundtrip_keys" time="0.001" /><testcase classname="tests.unit.test_demo_input" name="test_load_from_project_description_txt" time="0.002" /><testcase classname="tests.unit.test_demo_input" name="test_load_from_input_json_description_field" time="0.002" /><testcase classname="tests.unit.test_demo_input" name="test_load_team_profile_from_input_json" time="0.013" /><testcase classname="tests.unit.test_demo_input" name="test_cli_team_overrides_input_json" time="0.013" /><testcase classname="tests.unit.test_demo_input" name="test_resolve_unknown_profile_raises" time="0.014" /><testcase classname="tests.unit.test_guardrails.TestBehavioralGuardrailsIsolation" name="test_role_adherence_guardrail_qa_pass" time="0.001" /><testcase classname="tests.unit.test_guardrails.TestBehavioralGuardrailsIsolation" name="test_role_adherence_guardrail_qa_fail_production_code" time="0.001" /><testcase classname="tests.unit.test_guard
[...]
unit.tools.test_infrastructure_tools.TestK8sManifestGenerator" name="test_output_contains_deployment_and_security" time="0.001" /><testcase classname="tests.unit.tools.test_infrastructure_tools.TestMonitoringConfigGenerator" name="test_output_contains_scrape_config" time="0.001" /><testcase classname="tests.unit.tools.test_infrastructure_tools.TestTerraformGenerator" name="test_output_contains_provider_block" time="0.001" /><testcase classname="tests.unit.tools.test_infrastructure_tools.TestCloudFormationGenerator" name="test_output_contains_template_header" time="0.001" /><testcase classname="tests.unit.tools.test_infrastructure_tools.TestIamPolicyGenerator" name="test_output_is_json_policy_shape" time="0.001" /><testcase classname="tests.unit.tools.test_infrastructure_tools.TestCostEstimatorAndNetworkDesigner" name="test_cost_estimator_returns_text" time="0.001" /><testcase classname="tests.unit.tools.test_infrastructure_tools.TestCostEstimatorAndNetworkDesigner" name="test_network_designer_returns_subnets" time="0.001" /><testcase classname="tests.unit.tools.test_infrastructure_tools.TestToolLists" name="test_devops_tools_count" time="0.001" /><testcase classname="tests.unit.tools.test_infrastructure_tools.TestToolLists" name="test_cloud_tools_count" time="0.001" /><testcase classname="tests.unit.tools.test_infrastructure_tools.TestValidateIacFailurePath" name="test_dockerfile_returns_validation_message_when_guardrail_fails" time="0.001" /><testcase classname="tests.unit.tools.test_langchain_tool_conversion" name="test_crewai_tool_to_langchain_function_tool" time="0.002" /><testcase classname="tests.unit.tools.test_langchain_tool_conversion" name="test_crewai_tool_to_langchain_basetool_subclass" time="0.001" /><testcase classname="tests.unit.tools.test_langchain_tool_conversion" name="test_to_langchain_tools_list" time="0.001" /><testcase classname="tests.unit.tools.test_langchain_tool_conversion" name="test_get_langchain_tools_for_role_each_known_role" time="0.003" /><testcase classname="tests.unit.tools.test_langchain_tool_conversion" name="test_get_langchain_tools_unknown_role" time="0.001" /><testcase classname="tests.unit.tools.test_langchain_tool_conversion" name="test_load_agent_prompt_manager" time="0.016" /><testcase classname="tests.unit.tools.test_langchain_tool_conversion" name="test_file_tools_convert_and_invoke" time="0.004" /><testcase classname="tests.unit.tools.test_manager_tools.TestTaskDelegationTool" name="test_recommends_qa_for_testing_skills" time="0.001" /><testcase classname="tests.unit.tools.test_manager_tools.TestTaskDelegationTool" name="test_recommends_architect_for_architecture_skill" time="0.001" /><testcase classname="tests.unit.tools.test_manager_tools.TestTaskDelegationTool" name="test_recommends_devops_for_docker_skill" time="0.001" /><testcase classname="tests.unit.tools.test_manager_tools.TestTaskDelegationTool" name="test_empty_skills_still_returns_assignment" time="0.001" /><testcase classname="tests.unit.tools.test_manager_tools.TestTimelineManagementTool" name="test_includes_phase_and_milestones" time="0.001" /><testcase classname="tests.unit.tools.test_manager_tools.TestBlockerResolutionTool" name="test_records_blocker_and_default_phase" time="0.001" /><testcase classname="tests.unit.tools.test_manager_tools.TestBlockerResolutionTool" name="test_includes_suggested_actions" time="0.001" /><testcase classname="tests.unit.tools.test_manager_tools.TestStatusReportingTool" name="test_builds_report_lines" time="0.001" /><testcase classname="tests.unit.tools.test_manager_tools.TestStatusReportingTool" name="test_optional_fields_included_when_set" time="0.001" /><testcase classname="tests.unit.tools.test_manager_tools.TestGetManagerTools" name="test_returns_four_tools" time="0.001" /><testcase classname="tests.unit.tools.test_pytest_verification.TestPytestSummaryParsing" name="test_parse_summary_counts_passed" time="0.001" /><testcase classname="tests.unit.tools.test_pytest_verification.TestPytestSummaryParsing" name="test_parse_coverage_total_with_branch_columns" time="0.001" /><testcase classname="tests.unit.tools.test_pytest_verification.TestFabricatedOutputDetection" name="test_detects_linux_platform_on_darwin" time="0.001" /><testcase classname="tests.unit.tools.test_pytest_verification.TestFabricatedOutputDetection" name="test_accepts_realistic_session_header" time="0.001" /><testcase classname="tests.unit.tools.test_pytest_verification.TestAgentResultVerification" name="test_rejects_when_run_pytest_not_called" time="0.001" /><testcase classname="tests.unit.tools.test_pytest_verification.TestAgentResultVerification" name="test_accepts_matching_verified_run" time="0.001" /><testcase classname="tests.unit.tools.test_pytest_verification.TestAgentResultVerification" name="test_rejects_count_mismatch" time="0.001" /><testcase classname="tests.unit.tools.test_pytest_verification.TestExecutionGuardrail" name="test_guardrail_rejects_unverified_json" time="0.001" /><testcase classname="tests.unit.tools.test_pytest_verification.TestExecutionGuardrail" name="test_guardrail_accepts_verified_json" time="0.001" /><testcase classname="tests.unit.tools.test_pytest_verification.TestDiscoverWorkspace" name="test_discovers_tests_only_under_workspace" time="0.010" /><testcase classname="tests.unit.tools.test_qa_tools.TestTestGenerator" name="test_writes_file_under_workspace" time="0.003" /><testcase classname="tests.unit.tools.test_qa_tools.TestTestGenerator" name="test_path_traversal_returns_error" time="0.003" /><testcase classname="tests.unit.tools.test_qa_tools.TestTestRunner" name="test_invokes_pytest_with_workspace_cwd" time="0.003" /><testcase classname="tests.unit.tools.test_qa_tools.TestCoverageAnalyzer" name="test_invokes_pytest_with_cov_flags" time="0.004" /><testcase classname="tests.unit.tools.test_qa_tools.TestBugReporter" name="test_normalizes_invalid_severity" time="0.001" /><testcase classname="tests.unit.tools.test_qa_tools.TestBugReporter" name="test_includes_optional_fields" time="0.001" /><testcase classname="tests.unit.tools.test_qa_tools.TestLintRunner" name="test_clean_run_returns_friendly_message" time="0.003" /><testcase classname="tests.unit.tools.test_qa_tools.TestGetQaTools" name="test_returns_five_named_tools" time="0.001" /><testcase classname="tests.unit.tools.test_qa_tools" name="test_qa_min_coverage_default_is_eighty_percent" time="0.001" /><testcase classname="tests.unit.tools.test_smoke_tools.TestHostPortParsing" name="test_string_host_container" time="0.001" /><testcase classname="tests.unit.tools.test_smoke_tools.TestHostPortParsing" name="test_string_with_host_ip" time="0.001" /><testcase classname="tests.unit.tools.test_smoke_tools.TestHostPortParsing" name="test_int_mapping" time="0.001" /><testcase classname="tests.unit.tools.test_smoke_tools.TestHostPortParsing" name="test_dict_published" time="0.001" /><testcase classname="tests.unit.tools.test_smoke_tools.TestHostPortParsing" name="test_unparseable_returns_none" time="0.001" /><testcase classname="tests.unit.tools.test_smoke_tools.TestComposePortDetection" name="test_reads_first_published_port" time="0.003" /><testcase classname="tests.unit.tools.test_smoke_tools.TestComposePortDetection" name="test_malformed_compose_returns_none" time="0.002" /><testcase classname="tests.unit.tools.test_smoke_tools.TestNoEntrypoint" name="test_no_app_no_compose_is_skip_not_failure" time="0.003" /><testcase classname="tests.unit.tools.test_smoke_tools.TestNoEntrypoint" name="test_missing_workspace" time="0.002" /><testcase classname="tests.unit.tools.test_smoke_tools.TestRuntimeBoot" name="test_healthy_app_passes" time="1.026" /><testcase classname="tests.unit.tools.test_smoke_tools.TestRuntimeBoot" name="test_broken_app_fails_despite_importable_routes" time="1.027" /><testcase classname="tests.unit.tools.test_smoke_tools.TestPortInUse" name="test_free_port_is_not_in_use" time="0.002" /><testcase classname="tests.unit.tools.test_smoke_tools.TestPortInUse" name="test_bound_port_is_in_use" time="0.001" /><testcase classname="tests.unit.tools.test_smoke_tools.TestLoadOrRunSmoke" name="test_reuses_fresh_cache_without_booting" time="0.003" /><testcase classname="tests.unit.tools.test_smoke_tools.TestLoadOrRunSmoke" name="test_stale_cache_triggers_reboot" time="0.003" /><testcase classname="tests.unit.tools.test_smoke_tools.TestLoadOrRunSmoke" name="test_missing_cache_boots" time="0.002" /><testcase classname="tests.unit.tools.test_smoke_tools.TestLoadOrRunSmoke" name="test_malformed_cache_boots" time="0.002" /><testcase classname="tests.unit.tools.test_smoke_tools.TestProbeInterpolation" name="test_interpolate_string" time="0.001" /><testcase classname="tests.unit.tools.test_smoke_tools.TestProbeInterpolation" name="test_interpolate_dict" time="0.001" /><testcase classname="tests.unit.tools.test_smoke_tools.TestProbeInterpolation" name="test_interpolate_no_vars_unchanged" time="0.001" /><testcase classname="tests.unit.tools.test_smoke_tools.TestExpectedProbesContract" name="test_default_health_probe_without_contract" time="0.002" /><testcase classname="tests.unit.tools.test_smoke_tools.TestExpectedProbesContract" name="test_reads_smoke_sequence_with_save" time="0.002" /><testcase classname="tests.unit.tools.test_smoke_tools.TestChainedCrudProbes" name="test_create_read_delete_round_trip_passes" time="1.029" /><testcase classname="tests.unit.tools.test_smoke_tools.TestChainedCrudProbes" name="test_chained_probe_failure_is_caught" time="1.032" /><testcase classname="tests.unit.ui.test_artifacts_service" name="test_build_tree_workspace" time="0.012" /><testcase classname="tests.unit.ui.test_artifacts_service" name="test_resolve_run_workspace_dir_when_env_scoped_to_run" time="0.010" /><testcase classname="tests.unit.ui.test_artifacts_service" name="test_read_artifact_file" time="0.010" /><testcase classname="tests.unit.ui.test_artifacts_service" name="test_sensitive_path_denied" time="0.009" /><testcase classname="tests.unit.ui.test_artifacts_service" name="test_load_registry_from_index" time="0.012" /><testcase classname="tests.unit.ui.test_artifacts_service" name="test_load_tests_panel" time="0.013" /><testcase classname="tests.unit.ui.test_artifacts_service" name="test_load_architecture_markdown" time="0.009" /><testcase classname="tests.unit.ui.test_artifacts_service" name="test_workspace_zip" time="0.010" /><testcase classname="tests.unit.ui.test_web_server.TestWebServerProfilesAndBackends" name="test_get_profiles" time="0.019" /><testcase classname="tests.unit.ui.test_web_server.TestWebServerProfilesAndBackends" name="test_get_backends" time="0.004" /><testcase classname="tests.unit.ui.test_web_server.TestWebServerEstimate" name="test_post_estimate" time="0.007" /><testcase classname="tests.unit.ui.test_web_server.TestWebServerDemo" name="test_post_demo_returns_run_id" time="0.005" /><testcase classname="tests.unit.ui.test_web_server.TestWebServerHealth" name="test_health" time="0.004" /><testcase classname="tests.unit.ui.test_web_server.TestWebServerRunRequestDefaults" name="test_run_request_default_backend_documented" time="0.001" /><testcase classname="tests.unit.ui.test_web_server.TestWebServerArtifacts" name="test_registry_runs" time="0.005" /><testcase classname="tests.unit.ui.test_web_server.TestWebServerArtifacts" name="test_project_tree_and_file" time="0.017" /><testcase classname="tests.unit.ui.test_web_server.TestWebServerArtifacts" name="test_project_tests_architecture_empty" time="0.016" /><testcase classname="tests.unit.ui.test_web_server.TestWebServerArtifacts" name="test_download_zip" time="0.013" /><testcase classname="tests.unit.ui.test_web_server.TestWebServerRuns" name="test_create_run_includes_metadata_fields" time="0.001" /><testcase classname="tests.unit.ui.test_web_server.TestWebServerRuns" name="test_list_runs_returns_description_and_started_at" time="0.003" /><testcase classname="tests.unit.ui.test_web_server.TestWebServerRuns" name="test_get_run_includes_monitor_and_description" time="0.004" /><testcase classname="tests.unit.ui.test_web_server.TestWebServerRuns" name="test_finalize_persists_monitor_snapshot_for_get_run" time="0.016" /><testcase classname="tests.unit.ui.test_web_server.TestWebServerRuns" name="test_get_run_includes_spend_and_metrics" time="0.004" /><testcase classname="tests.unit.ui.test_web_server.TestWebServerRuns" name="test_get_run_prefers_stashed_subprocess_spend" time="0.003" /><testcase classname="tests.unit.ui.test_web_server.TestWebServerResume" name="test_resume_404_unknown_run" time="0.004" /><testcase classname="tests.unit.ui.test_web_server.TestWebServerResume" name="test_resume_400_not_awaiting" time="0.003" /><testcase classname="tests.unit.ui.test_web_server.TestWebServerResume" name="test_resume_400_empty_feedback" time="0.003" /><testcase classname="tests.unit.ui.test_web_server.TestWebServerResume" name="test_resume_400_wrong_backend" time="0.003" /><testcase classname="tests.unit.ui.test_web_server.TestWebServerCancel" name="test_cancel_running_run_returns_200" time="0.003" /><testcase classname="tests.unit.ui.test_web_server.TestWebServerCancel" name="test_cancel_unknown_run_returns_404" time="0.003" /><testcase classname="tests.unit.ui.test_web_server.TestWebServerCancel" name="test_cancel_terminal_run_returns_400" time="0.007" /><testcase classname="tests.unit.ui.test_web_server.TestWebServerCancel" name="test_cancel_sets_flag_and_run_status" time="0.003" /><testcase classname="tests.unit.ui.test_web_server.TestWebServerCancel" name="test_cancel_already_cancelled_returns_400" time="0.003" /><testcase classname="tests.unit.ui.test_web_server.TestWebServerCancel" name="test_get_run_reports_cancelled_status" time="0.003" /><testcase classname="tests.unit.ui.test_web_server.TestWebServerCancel" name="test_finish_cancelled_sets_finished_at" time="0.001" /><testcase classname="tests.unit.ui.test_web_server.TestWebServerCancel" name="test_cancel_awaiting_human_run_is_allowed" time="0.003" /><testcase classname="tests.unit.ui.test_web_server.TestRunStateRemove" name="test_remove_terminal_run_pops_all_state" time="0.004" /><testcase classname="tests.unit.ui.test_web_server.TestRunStateRemove" name="test_remove_non_terminal_run_raises" time="0.001" /><testcase classname="tests.unit.ui.test_web_server.TestRunStateRemove" name="test_remove_unknown_run_raises_key_error" time="0.001" /><testcase classname="tests.unit.ui.test_web_server.TestWebServerRunEstimate" name="test_run_includes_estimate_usd" time="0.001" /><testcase classname="tests.unit.ui.test_web_server.TestWebServerRunEstimate" name="test_run_without_estimate_has_none" time="0.001" /><testcase classname="tests.unit.ui.test_web_server.TestWebServerRunEstimate" name="test_estimate_usd_exposed_in_get_run" time="0.004" /><testcase classname="tests.unit.ui.test_web_server.TestWebServerRunEstimate" name="test_estimate_usd_exposed_in_list_runs" time="0.004" /><testcase classname="tests.unit.ui.test_web_server.TestWebServerRunEstimate" name="test_demo_run_is_sample" time="0.003" /><testcase classname="tests.unit.ui.test_web_server.TestWebServerRunEstimate" name="test_is_sample_false_for_regular_run" time="0.001" /><testcase classname="tests.unit.ui.test_web_server.TestWebServerRunEstimate" name="test_complexity_stored_on_run" time="0.001" /><testcase classname="tests.unit.ui.test_web_server.TestWebServerDelete" name="test_delete_terminal_run_returns_200" time="0.011" /><testcase classname="tests.unit.ui.test_web_server.TestWebServerDelete" name="test_delete_unknown_run_returns_404" time="0.003" /><testcase classname="tests.unit.ui.test_web_server.TestWebServerDelete" name="test_delete_running_run_returns_400" time="0.003" /><testcase classname="tests.unit.ui.test_web_server.TestWebServerBackendsCatalog" name="test_backends_include_required_key_and_configured" time="0.003" /><testcase classname="tests.unit.ui.test_web_server.TestLanggraphHitlStatus" name="test_langgraph_hitl_detects_awaiting_human_phase" time="0.003" /><testcase classname="tests.unit.ui.test_web_server.TestLanggraphHitlStatus" name="test_hitl_status_survives_independent_recompile_with_persistent_path" time="0.015" /><testcase classname="tests.unit.ui.test_web_server.TestLanggraphHitlStatus" name="test_server_module_defaults_to_persistent_sqlite_path" time="0.001" /><testcase classname="tests.unit.ui.test_web_websocket.TestWebSocketRun" name="test_ws_run_accepts_and_starts_run" time="0.010" /><testcase classname="tests.unit.ui.test_web_websocket.TestWebSocketRun" name="test_safe_send_swallows_dead_client" time="0.001" /><testcase classname="tests.unit.ui.test_web_websocket.TestWebSocketRun" name="test_client_disconnect_does_not_cancel_run" time="0.005" /><testcase classname="tests.unit.ui.test_web_websocket.TestWebSocketRun" name="test_ws_monitor_unknown_run" time="0.005" /><testcase classname="tests.unit.ui.test_web_websocket.TestWebSocketRun" name="test_ws_monitor_emits_hitl_required_when_awaiting_human" time="0.004" /><testcase classname="tests.unit.ui.test_web_websocket.TestCrewAIMonitorBackfill" name="test_backfills_totals_on_success" time="0.001" /><testcase classname="tests.unit.ui.test_web_websocket.TestCrewAIMonitorBackfill" name="test_marks_error_phase_and_tolerates_missing_state" time="0.001" /><testcase classname="tests.unit.ui.test_web_websocket.TestFinishRunFinalizesBundle" name="test_finish_run_writes_bundle_finalization" time="0.012" /><testcase classname="tests.unit.ui.test_web_websocket.TestFinishRunFinalizesBundle" name="test_hitl_approved_run_gets_distinct_final_status" time="0.012" /><testcase classname="tests.unit.ui.test_web_websocket.TestFinishRunFinalizesBundle" name="test_finish_run_survives_broken_output_dir" time="0.009" /><testcase classname="tests.unit.ui.test_web_websocket.TestMonitorBackfill" name="test_backfill_reads_workspace_test_results" time="0.009" /><testcase classname="tests.unit.ui.test_web_websocket.TestMonitorBackfill" name="test_resolve_cost_usd_uses_stashed_crewai_spend" time="0.001" /><testcase classname="tests.unit.ui.test_web_websocket.TestClaudeWebLaunchBundle" name="test_execute_run_claude_stream_finishes_bundle" time="0.028" /><testcase classname="tests.unit.utils.test_callbacks" name="test_metrics_report_to_dict_empty" time="0.001" /><testcase classname="tests.unit.utils.test_callbacks" name="test_metrics_report_to_dict_populated" time="0.001" /><testcase classname="tests.unit.utils.test_callbacks" name="test_metrics_report_to_table_empty" time="0.001" /><testcase classname="tests.unit.utils.test_callbacks" name="test_metrics_report_to_table_populated" time="0.001" /><testcase classname="tests.unit.utils.test_callbacks" name="test_callback_on_task_start_and_complete_records_duration" time="0.001" /><testcase classname="tests.unit.utils.test_callbacks" name="test_callback_on_task_error_increments_failure_count" time="0.001" /><testcase classname="tests.unit.utils.test_callbacks" name="test_callback_on_agent_action_increments_tool_calls" time="0.002" /><testcase classname="tests.unit.utils.test_callbacks" name="test_callback_on_guardrail_trigger_increments_count" time="0.004" /><testcase classname="tests.unit.utils.test_callbacks" name="test_callback_record_retry" time="0.001" /><testcase classname="tests.unit.utils.test_callbacks" name="test_callback_get_task_callback_invokes_on_task_complete" time="0.002" /><testcase classname="tests.unit.utils.test_callbacks" name="test_callback_async_crew_start_complete" time="0.003" /><testcase classname="tests.unit.utils.test_callbacks" name="test_callback_async_task_lifecycle" time="0.002" /><testcase classname="tests.unit.utils.test_coverage_paths" name="test_coverage_data_dir_under_base" time="0.002" /><testcase classname="tests.unit.utils.test_coverage_paths" name="test_ensure_creates_directory" time="0.002" /><testcase classname="tests.unit.utils.test_coverage_paths" name="test_subprocess_env_points_under_data_dir" time="0.003" /></testsuite></testsuites>